This is pdfTeX, Version 3.14159265-2.6-1.40.16 (TeX Live 2015/Debian) (preloaded format=pdflatex 2017.11.21)  24 JAN 2018 21:43
entering extended mode
 restricted \write18 enabled.
 %&-line parsing enabled.
**2018-01-25_Roman_Link_-_Drought_in_tropical_forests.tex
(./2018-01-25_Roman_Link_-_Drought_in_tropical_forests.tex
LaTeX2e <2016/02/01>
Babel <3.9q> and hyphenation patterns for 81 language(s) loaded.
(/usr/share/texlive/texmf-dist/tex/latex/beamer/beamer.cls
(/usr/share/texlive/texmf-dist/tex/latex/beamer/beamerbasercs.sty
Package: beamerbasercs 2015/03/08 (rcs-revision 368aa9ba9d38)
)
Document Class: beamer 2015/01/05 3.36 A class for typesetting presentations (r
cs-revision 8a39122e1f63)
(/usr/share/texlive/texmf-dist/tex/latex/beamer/beamerbasemodes.sty
Package: beamerbasemodes 2013/09/03 (rcs-revision 768f2d98ca64)
\beamer@tempbox=\box26
\beamer@tempcount=\count79
\c@beamerpauses=\count80

(/usr/share/texlive/texmf-dist/tex/latex/beamer/beamerbasedecode.sty
Package: beamerbasedecode 2010/05/01 (rcs-revision efa082c6111d)
\beamer@slideinframe=\count81
\beamer@minimum=\count82
)
\beamer@commentbox=\box27
\beamer@modecount=\count83
)
(/usr/share/texlive/texmf-dist/tex/generic/oberdiek/ifpdf.sty
Package: ifpdf 2011/01/30 v2.3 Provides the ifpdf switch (HO)
Package ifpdf Info: pdfTeX in PDF mode is detected.
)
\headheight=\dimen102
\headdp=\dimen103
\footheight=\dimen104
\sidebarheight=\dimen105
\beamer@tempdim=\dimen106
\beamer@finalheight=\dimen107
\beamer@animht=\dimen108
\beamer@animdp=\dimen109
\beamer@animwd=\dimen110
\beamer@leftmargin=\dimen111
\beamer@rightmargin=\dimen112
\beamer@leftsidebar=\dimen113
\beamer@rightsidebar=\dimen114
\beamer@boxsize=\dimen115
\beamer@vboxoffset=\dimen116
\beamer@descdefault=\dimen117
\beamer@descriptionwidth=\dimen118
\beamer@lastskip=\skip41
\beamer@areabox=\box28
\beamer@animcurrent=\box29
\beamer@animshowbox=\box30
\beamer@sectionbox=\box31
\beamer@logobox=\box32
\beamer@linebox=\box33
\beamer@sectioncount=\count84
\beamer@subsubsectionmax=\count85
\beamer@subsectionmax=\count86
\beamer@sectionmax=\count87
\beamer@totalheads=\count88
\beamer@headcounter=\count89
\beamer@partstartpage=\count90
\beamer@sectionstartpage=\count91
\beamer@subsectionstartpage=\count92
\beamer@animationtempa=\count93
\beamer@animationtempb=\count94
\beamer@xpos=\count95
\beamer@ypos=\count96
\beamer@showpartnumber=\count97
\beamer@currentsubsection=\count98
\beamer@coveringdepth=\count99
\beamer@sectionadjust=\count100
\beamer@tocsectionnumber=\count101

(/usr/share/texlive/texmf-dist/tex/latex/beamer/beamerbaseoptions.sty
Package: beamerbaseoptions 2013/03/10 (rcs-revision 47431932db0d)

(/usr/share/texlive/texmf-dist/tex/latex/graphics/keyval.sty
Package: keyval 2014/10/28 v1.15 key=value parser (DPC)
\KV@toks@=\toks14
))
\beamer@paperwidth=\skip42
\beamer@paperheight=\skip43

(/usr/share/texlive/texmf-dist/tex/latex/geometry/geometry.sty
Package: geometry 2010/09/12 v5.6 Page Geometry

(/usr/share/texlive/texmf-dist/tex/generic/oberdiek/ifvtex.sty
Package: ifvtex 2010/03/01 v1.5 Detect VTeX and its facilities (HO)
Package ifvtex Info: VTeX not detected.
)
(/usr/share/texlive/texmf-dist/tex/generic/ifxetex/ifxetex.sty
Package: ifxetex 2010/09/12 v0.6 Provides ifxetex conditional
)
\Gm@cnth=\count102
\Gm@cntv=\count103
\c@Gm@tempcnt=\count104
\Gm@bindingoffset=\dimen119
\Gm@wd@mp=\dimen120
\Gm@odd@mp=\dimen121
\Gm@even@mp=\dimen122
\Gm@layoutwidth=\dimen123
\Gm@layoutheight=\dimen124
\Gm@layouthoffset=\dimen125
\Gm@layoutvoffset=\dimen126
\Gm@dimlist=\toks15
)
(/usr/share/texlive/texmf-dist/tex/latex/base/size11.clo
File: size11.clo 2014/09/29 v1.4h Standard LaTeX file (size option)
)
(/usr/share/texlive/texmf-dist/tex/latex/pgf/basiclayer/pgfcore.sty
(/usr/share/texlive/texmf-dist/tex/latex/graphics/graphicx.sty
Package: graphicx 2014/10/28 v1.0g Enhanced LaTeX Graphics (DPC,SPQR)

(/usr/share/texlive/texmf-dist/tex/latex/graphics/graphics.sty
Package: graphics 2016/01/03 v1.0q Standard LaTeX Graphics (DPC,SPQR)

(/usr/share/texlive/texmf-dist/tex/latex/graphics/trig.sty
Package: trig 2016/01/03 v1.10 sin cos tan (DPC)
)
(/usr/share/texlive/texmf-dist/tex/latex/latexconfig/graphics.cfg
File: graphics.cfg 2010/04/23 v1.9 graphics configuration of TeX Live
)
Package graphics Info: Driver file: pdftex.def on input line 95.

(/usr/share/texlive/texmf-dist/tex/latex/pdftex-def/pdftex.def
File: pdftex.def 2011/05/27 v0.06d Graphics/color for pdfTeX

(/usr/share/texlive/texmf-dist/tex/generic/oberdiek/infwarerr.sty
Package: infwarerr 2010/04/08 v1.3 Providing info/warning/error messages (HO)
)
(/usr/share/texlive/texmf-dist/tex/generic/oberdiek/ltxcmds.sty
Package: ltxcmds 2011/11/09 v1.22 LaTeX kernel commands for general use (HO)
)
\Gread@gobject=\count105
))
\Gin@req@height=\dimen127
\Gin@req@width=\dimen128
)
(/usr/share/texlive/texmf-dist/tex/latex/pgf/systemlayer/pgfsys.sty
(/usr/share/texlive/texmf-dist/tex/latex/pgf/utilities/pgfrcs.sty
(/usr/share/texlive/texmf-dist/tex/generic/pgf/utilities/pgfutil-common.tex
\pgfutil@everybye=\toks16
\pgfutil@tempdima=\dimen129
\pgfutil@tempdimb=\dimen130

(/usr/share/texlive/texmf-dist/tex/generic/pgf/utilities/pgfutil-common-lists.t
ex)) (/usr/share/texlive/texmf-dist/tex/generic/pgf/utilities/pgfutil-latex.def
\pgfutil@abb=\box34
(/usr/share/texlive/texmf-dist/tex/latex/ms/everyshi.sty
Package: everyshi 2001/05/15 v3.00 EveryShipout Package (MS)
))
(/usr/share/texlive/texmf-dist/tex/generic/pgf/utilities/pgfrcs.code.tex
Package: pgfrcs 2015/08/07 v3.0.1a (rcs-revision 1.31)
))
(/usr/share/texlive/texmf-dist/tex/generic/pgf/systemlayer/pgfsys.code.tex
Package: pgfsys 2014/07/09 v3.0.1a (rcs-revision 1.48)

(/usr/share/texlive/texmf-dist/tex/generic/pgf/utilities/pgfkeys.code.tex
\pgfkeys@pathtoks=\toks17
\pgfkeys@temptoks=\toks18

(/usr/share/texlive/texmf-dist/tex/generic/pgf/utilities/pgfkeysfiltered.code.t
ex
\pgfkeys@tmptoks=\toks19
))
\pgf@x=\dimen131
\pgf@y=\dimen132
\pgf@xa=\dimen133
\pgf@ya=\dimen134
\pgf@xb=\dimen135
\pgf@yb=\dimen136
\pgf@xc=\dimen137
\pgf@yc=\dimen138
\w@pgf@writea=\write3
\r@pgf@reada=\read1
\c@pgf@counta=\count106
\c@pgf@countb=\count107
\c@pgf@countc=\count108
\c@pgf@countd=\count109
\t@pgf@toka=\toks20
\t@pgf@tokb=\toks21
\t@pgf@tokc=\toks22
 (/usr/share/texlive/texmf-dist/tex/generic/pgf/systemlayer/pgf.cfg
File: pgf.cfg 2008/05/14  (rcs-revision 1.7)
)
Driver file for pgf: pgfsys-pdftex.def

(/usr/share/texlive/texmf-dist/tex/generic/pgf/systemlayer/pgfsys-pdftex.def
File: pgfsys-pdftex.def 2014/10/11  (rcs-revision 1.35)

(/usr/share/texlive/texmf-dist/tex/generic/pgf/systemlayer/pgfsys-common-pdf.de
f
File: pgfsys-common-pdf.def 2013/10/10  (rcs-revision 1.13)
)))
(/usr/share/texlive/texmf-dist/tex/generic/pgf/systemlayer/pgfsyssoftpath.code.
tex
File: pgfsyssoftpath.code.tex 2013/09/09  (rcs-revision 1.9)
\pgfsyssoftpath@smallbuffer@items=\count110
\pgfsyssoftpath@bigbuffer@items=\count111
)
(/usr/share/texlive/texmf-dist/tex/generic/pgf/systemlayer/pgfsysprotocol.code.
tex
File: pgfsysprotocol.code.tex 2006/10/16  (rcs-revision 1.4)
)) (/usr/share/texlive/texmf-dist/tex/latex/xcolor/xcolor.sty
Package: xcolor 2007/01/21 v2.11 LaTeX color extensions (UK)

(/usr/share/texlive/texmf-dist/tex/latex/latexconfig/color.cfg
File: color.cfg 2007/01/18 v1.5 color configuration of teTeX/TeXLive
)
Package xcolor Info: Driver file: pdftex.def on input line 225.
Package xcolor Info: Model `cmy' substituted by `cmy0' on input line 1337.
Package xcolor Info: Model `hsb' substituted by `rgb' on input line 1341.
Package xcolor Info: Model `RGB' extended on input line 1353.
Package xcolor Info: Model `HTML' substituted by `rgb' on input line 1355.
Package xcolor Info: Model `Hsb' substituted by `hsb' on input line 1356.
Package xcolor Info: Model `tHsb' substituted by `hsb' on input line 1357.
Package xcolor Info: Model `HSB' substituted by `hsb' on input line 1358.
Package xcolor Info: Model `Gray' substituted by `gray' on input line 1359.
Package xcolor Info: Model `wave' substituted by `hsb' on input line 1360.
)
(/usr/share/texlive/texmf-dist/tex/generic/pgf/basiclayer/pgfcore.code.tex
Package: pgfcore 2010/04/11 v3.0.1a (rcs-revision 1.7)

(/usr/share/texlive/texmf-dist/tex/generic/pgf/math/pgfmath.code.tex
(/usr/share/texlive/texmf-dist/tex/generic/pgf/math/pgfmathcalc.code.tex
(/usr/share/texlive/texmf-dist/tex/generic/pgf/math/pgfmathutil.code.tex)
(/usr/share/texlive/texmf-dist/tex/generic/pgf/math/pgfmathparser.code.tex
\pgfmath@dimen=\dimen139
\pgfmath@count=\count112
\pgfmath@box=\box35
\pgfmath@toks=\toks23
\pgfmath@stack@operand=\toks24
\pgfmath@stack@operation=\toks25
)
(/usr/share/texlive/texmf-dist/tex/generic/pgf/math/pgfmathfunctions.code.tex
(/usr/share/texlive/texmf-dist/tex/generic/pgf/math/pgfmathfunctions.basic.code
.tex)
(/usr/share/texlive/texmf-dist/tex/generic/pgf/math/pgfmathfunctions.trigonomet
ric.code.tex)
(/usr/share/texlive/texmf-dist/tex/generic/pgf/math/pgfmathfunctions.random.cod
e.tex)
(/usr/share/texlive/texmf-dist/tex/generic/pgf/math/pgfmathfunctions.comparison
.code.tex)
(/usr/share/texlive/texmf-dist/tex/generic/pgf/math/pgfmathfunctions.base.code.
tex)
(/usr/share/texlive/texmf-dist/tex/generic/pgf/math/pgfmathfunctions.round.code
.tex)
(/usr/share/texlive/texmf-dist/tex/generic/pgf/math/pgfmathfunctions.misc.code.
tex)
(/usr/share/texlive/texmf-dist/tex/generic/pgf/math/pgfmathfunctions.integerari
thmetics.code.tex)))
(/usr/share/texlive/texmf-dist/tex/generic/pgf/math/pgfmathfloat.code.tex
\c@pgfmathroundto@lastzeros=\count113
))
(/usr/share/texlive/texmf-dist/tex/generic/pgf/basiclayer/pgfcorepoints.code.te
x
File: pgfcorepoints.code.tex 2013/10/07  (rcs-revision 1.27)
\pgf@picminx=\dimen140
\pgf@picmaxx=\dimen141
\pgf@picminy=\dimen142
\pgf@picmaxy=\dimen143
\pgf@pathminx=\dimen144
\pgf@pathmaxx=\dimen145
\pgf@pathminy=\dimen146
\pgf@pathmaxy=\dimen147
\pgf@xx=\dimen148
\pgf@xy=\dimen149
\pgf@yx=\dimen150
\pgf@yy=\dimen151
\pgf@zx=\dimen152
\pgf@zy=\dimen153
)
(/usr/share/texlive/texmf-dist/tex/generic/pgf/basiclayer/pgfcorepathconstruct.
code.tex
File: pgfcorepathconstruct.code.tex 2013/10/07  (rcs-revision 1.29)
\pgf@path@lastx=\dimen154
\pgf@path@lasty=\dimen155
)
(/usr/share/texlive/texmf-dist/tex/generic/pgf/basiclayer/pgfcorepathusage.code
.tex
File: pgfcorepathusage.code.tex 2014/11/02  (rcs-revision 1.24)
\pgf@shorten@end@additional=\dimen156
\pgf@shorten@start@additional=\dimen157
)
(/usr/share/texlive/texmf-dist/tex/generic/pgf/basiclayer/pgfcorescopes.code.te
x
File: pgfcorescopes.code.tex 2015/05/08  (rcs-revision 1.46)
\pgfpic=\box36
\pgf@hbox=\box37
\pgf@layerbox@main=\box38
\pgf@picture@serial@count=\count114
)
(/usr/share/texlive/texmf-dist/tex/generic/pgf/basiclayer/pgfcoregraphicstate.c
ode.tex
File: pgfcoregraphicstate.code.tex 2014/11/02  (rcs-revision 1.12)
\pgflinewidth=\dimen158
)
(/usr/share/texlive/texmf-dist/tex/generic/pgf/basiclayer/pgfcoretransformation
s.code.tex
File: pgfcoretransformations.code.tex 2015/08/07  (rcs-revision 1.20)
\pgf@pt@x=\dimen159
\pgf@pt@y=\dimen160
\pgf@pt@temp=\dimen161
)
(/usr/share/texlive/texmf-dist/tex/generic/pgf/basiclayer/pgfcorequick.code.tex
File: pgfcorequick.code.tex 2008/10/09  (rcs-revision 1.3)
)
(/usr/share/texlive/texmf-dist/tex/generic/pgf/basiclayer/pgfcoreobjects.code.t
ex
File: pgfcoreobjects.code.tex 2006/10/11  (rcs-revision 1.2)
)
(/usr/share/texlive/texmf-dist/tex/generic/pgf/basiclayer/pgfcorepathprocessing
.code.tex
File: pgfcorepathprocessing.code.tex 2013/09/09  (rcs-revision 1.9)
)
(/usr/share/texlive/texmf-dist/tex/generic/pgf/basiclayer/pgfcorearrows.code.te
x
File: pgfcorearrows.code.tex 2015/05/14  (rcs-revision 1.43)
\pgfarrowsep=\dimen162
)
(/usr/share/texlive/texmf-dist/tex/generic/pgf/basiclayer/pgfcoreshade.code.tex
File: pgfcoreshade.code.tex 2013/07/15  (rcs-revision 1.15)
\pgf@max=\dimen163
\pgf@sys@shading@range@num=\count115
)
(/usr/share/texlive/texmf-dist/tex/generic/pgf/basiclayer/pgfcoreimage.code.tex
File: pgfcoreimage.code.tex 2013/07/15  (rcs-revision 1.18)

(/usr/share/texlive/texmf-dist/tex/generic/pgf/basiclayer/pgfcoreexternal.code.
tex
File: pgfcoreexternal.code.tex 2014/07/09  (rcs-revision 1.21)
\pgfexternal@startupbox=\box39
))
(/usr/share/texlive/texmf-dist/tex/generic/pgf/basiclayer/pgfcorelayers.code.te
x
File: pgfcorelayers.code.tex 2013/07/18  (rcs-revision 1.7)
)
(/usr/share/texlive/texmf-dist/tex/generic/pgf/basiclayer/pgfcoretransparency.c
ode.tex
File: pgfcoretransparency.code.tex 2013/09/30  (rcs-revision 1.5)
)
(/usr/share/texlive/texmf-dist/tex/generic/pgf/basiclayer/pgfcorepatterns.code.
tex
File: pgfcorepatterns.code.tex 2013/11/07  (rcs-revision 1.5)
))) (/usr/share/texlive/texmf-dist/tex/latex/pgf/utilities/xxcolor.sty
Package: xxcolor 2003/10/24 ver 0.1
\XC@nummixins=\count116
\XC@countmixins=\count117
)
(/usr/share/texlive/texmf-dist/tex/generic/oberdiek/atbegshi.sty
Package: atbegshi 2011/10/05 v1.16 At begin shipout hook (HO)
)
(/usr/share/texlive/texmf-dist/tex/latex/hyperref/hyperref.sty
Package: hyperref 2012/11/06 v6.83m Hypertext links for LaTeX

(/usr/share/texlive/texmf-dist/tex/generic/oberdiek/hobsub-hyperref.sty
Package: hobsub-hyperref 2012/05/28 v1.13 Bundle oberdiek, subset hyperref (HO)


(/usr/share/texlive/texmf-dist/tex/generic/oberdiek/hobsub-generic.sty
Package: hobsub-generic 2012/05/28 v1.13 Bundle oberdiek, subset generic (HO)
Package: hobsub 2012/05/28 v1.13 Construct package bundles (HO)
Package hobsub Info: Skipping package `infwarerr' (already loaded).
Package hobsub Info: Skipping package `ltxcmds' (already loaded).
Package: ifluatex 2010/03/01 v1.3 Provides the ifluatex switch (HO)
Package ifluatex Info: LuaTeX not detected.
Package hobsub Info: Skipping package `ifvtex' (already loaded).
Package: intcalc 2007/09/27 v1.1 Expandable calculations with integers (HO)
Package hobsub Info: Skipping package `ifpdf' (already loaded).
Package: etexcmds 2011/02/16 v1.5 Avoid name clashes with e-TeX commands (HO)
Package etexcmds Info: Could not find \expanded.
(etexcmds)             That can mean that you are not using pdfTeX 1.50 or
(etexcmds)             that some package has redefined \expanded.
(etexcmds)             In the latter case, load this package earlier.
Package: kvsetkeys 2012/04/25 v1.16 Key value parser (HO)
Package: kvdefinekeys 2011/04/07 v1.3 Define keys (HO)
Package: pdftexcmds 2011/11/29 v0.20 Utility functions of pdfTeX for LuaTeX (HO
)
Package pdftexcmds Info: LuaTeX not detected.
Package pdftexcmds Info: \pdf@primitive is available.
Package pdftexcmds Info: \pdf@ifprimitive is available.
Package pdftexcmds Info: \pdfdraftmode found.
Package: pdfescape 2011/11/25 v1.13 Implements pdfTeX's escape features (HO)
Package: bigintcalc 2012/04/08 v1.3 Expandable calculations on big integers (HO
)
Package: bitset 2011/01/30 v1.1 Handle bit-vector datatype (HO)
Package: uniquecounter 2011/01/30 v1.2 Provide unlimited unique counter (HO)
)
Package hobsub Info: Skipping package `hobsub' (already loaded).
Package: letltxmacro 2010/09/02 v1.4 Let assignment for LaTeX macros (HO)
Package: hopatch 2012/05/28 v1.2 Wrapper for package hooks (HO)
Package: xcolor-patch 2011/01/30 xcolor patch
Package: atveryend 2011/06/30 v1.8 Hooks at the very end of document (HO)
Package atveryend Info: \enddocument detected (standard20110627).
Package hobsub Info: Skipping package `atbegshi' (already loaded).
Package: refcount 2011/10/16 v3.4 Data extraction from label references (HO)
Package: hycolor 2011/01/30 v1.7 Color options for hyperref/bookmark (HO)
)
(/usr/share/texlive/texmf-dist/tex/latex/oberdiek/auxhook.sty
Package: auxhook 2011/03/04 v1.3 Hooks for auxiliary files (HO)
)
(/usr/share/texlive/texmf-dist/tex/latex/oberdiek/kvoptions.sty
Package: kvoptions 2011/06/30 v3.11 Key value format for package options (HO)
)
\@linkdim=\dimen164
\Hy@linkcounter=\count118
\Hy@pagecounter=\count119

(/usr/share/texlive/texmf-dist/tex/latex/hyperref/pd1enc.def
File: pd1enc.def 2012/11/06 v6.83m Hyperref: PDFDocEncoding definition (HO)
)
\Hy@SavedSpaceFactor=\count120

(/usr/share/texlive/texmf-dist/tex/latex/latexconfig/hyperref.cfg
File: hyperref.cfg 2002/06/06 v1.2 hyperref configuration of TeXLive
)
Package hyperref Info: Option `bookmarks' set `true' on input line 4319.
Package hyperref Info: Option `bookmarksopen' set `true' on input line 4319.
Package hyperref Info: Option `implicit' set `false' on input line 4319.
Package hyperref Info: Hyper figures OFF on input line 4443.
Package hyperref Info: Link nesting OFF on input line 4448.
Package hyperref Info: Hyper index ON on input line 4451.
Package hyperref Info: Plain pages OFF on input line 4458.
Package hyperref Info: Backreferencing OFF on input line 4463.
Package hyperref Info: Implicit mode OFF; no redefinition of LaTeX internals.
Package hyperref Info: Bookmarks ON on input line 4688.
\c@Hy@tempcnt=\count121

(/usr/share/texlive/texmf-dist/tex/latex/url/url.sty
\Urlmuskip=\muskip10
Package: url 2013/09/16  ver 3.4  Verb mode for urls, etc.
)
LaTeX Info: Redefining \url on input line 5041.
\XeTeXLinkMargin=\dimen165
\Fld@menulength=\count122
\Field@Width=\dimen166
\Fld@charsize=\dimen167
Package hyperref Info: Hyper figures OFF on input line 6295.
Package hyperref Info: Link nesting OFF on input line 6300.
Package hyperref Info: Hyper index ON on input line 6303.
Package hyperref Info: backreferencing OFF on input line 6310.
Package hyperref Info: Link coloring OFF on input line 6315.
Package hyperref Info: Link coloring with OCG OFF on input line 6320.
Package hyperref Info: PDF/A mode OFF on input line 6325.
LaTeX Info: Redefining \ref on input line 6365.
LaTeX Info: Redefining \pageref on input line 6369.
\Hy@abspage=\count123


Package hyperref Message: Stopped early.

)

Package hyperref Message: Driver (autodetected): hpdftex.

(/usr/share/texlive/texmf-dist/tex/latex/hyperref/hpdftex.def
File: hpdftex.def 2012/11/06 v6.83m Hyperref driver for pdfTeX
\Fld@listcount=\count124
\c@bookmark@seq@number=\count125

(/usr/share/texlive/texmf-dist/tex/latex/oberdiek/rerunfilecheck.sty
Package: rerunfilecheck 2011/04/15 v1.7 Rerun checks for auxiliary files (HO)
Package uniquecounter Info: New unique counter `rerunfilecheck' on input line 2
82.
))
(/usr/share/texlive/texmf-dist/tex/latex/beamer/beamerbaserequires.sty
Package: beamerbaserequires 2010/05/01  (rcs-revision efa082c6111d)

(/usr/share/texlive/texmf-dist/tex/latex/beamer/beamerbasecompatibility.sty
Package: beamerbasecompatibility 2012/05/01  (rcs-revision 67c48b3b652d)
)
(/usr/share/texlive/texmf-dist/tex/latex/beamer/beamerbasefont.sty
Package: beamerbasefont 2015/01/05  (rcs-revision b4b4bee242e2)

(/usr/share/texlive/texmf-dist/tex/latex/amsfonts/amssymb.sty
Package: amssymb 2013/01/14 v3.01 AMS font symbols

(/usr/share/texlive/texmf-dist/tex/latex/amsfonts/amsfonts.sty
Package: amsfonts 2013/01/14 v3.01 Basic AMSFonts support
\@emptytoks=\toks26
\symAMSa=\mathgroup4
\symAMSb=\mathgroup5
LaTeX Font Info:    Overwriting math alphabet `\mathfrak' in version `bold'
(Font)                  U/euf/m/n --> U/euf/b/n on input line 106.
))
(/usr/share/texlive/texmf-dist/tex/latex/sansmathaccent/sansmathaccent.sty
Package: sansmathaccent 2013/03/28

(/usr/share/texlive/texmf-dist/tex/latex/filehook/filehook.sty
Package: filehook 2011/10/12 v0.5d Hooks for input files
)))
(/usr/share/texlive/texmf-dist/tex/latex/beamer/beamerbasetranslator.sty
Package: beamerbasetranslator 2010/06/11  (rcs-revision 85fd1cc7fc42)

(/usr/share/texlive/texmf-dist/tex/latex/beamer/translator/translator.sty
Package: translator 2010/06/12 ver 1.10

(/usr/share/texlive/texmf-dist/tex/latex/beamer/translator/translator-language-
mappings.tex)))
(/usr/share/texlive/texmf-dist/tex/latex/beamer/beamerbasemisc.sty
Package: beamerbasemisc 2013/09/03  (rcs-revision a55719c41d85)
)
(/usr/share/texlive/texmf-dist/tex/latex/beamer/beamerbasetwoscreens.sty
Package: beamerbasetwoscreens 2010/05/01  (rcs-revision efa082c6111d)
)
(/usr/share/texlive/texmf-dist/tex/latex/beamer/beamerbaseoverlay.sty
Package: beamerbaseoverlay 2013/12/25  (rcs-revision f6bd5e3805da)
\beamer@argscount=\count126
\beamer@lastskipcover=\skip44
\beamer@trivlistdepth=\count127
)
(/usr/share/texlive/texmf-dist/tex/latex/beamer/beamerbasetitle.sty
Package: beamerbasetitle 2010/09/21  (rcs-revision f0446ed0b6ae)
)
(/usr/share/texlive/texmf-dist/tex/latex/beamer/beamerbasesection.sty
Package: beamerbasesection 2013/06/07  (rcs-revision 60b9fe0f342f)
\c@lecture=\count128
\c@part=\count129
\c@section=\count130
\c@subsection=\count131
\c@subsubsection=\count132
)
(/usr/share/texlive/texmf-dist/tex/latex/beamer/beamerbaseframe.sty
Package: beamerbaseframe 2014/02/20  (rcs-revision 4b8ceeeff434)
\beamer@framebox=\box40
\beamer@frametitlebox=\box41
\beamer@zoombox=\box42
\beamer@zoomcount=\count133
\beamer@zoomframecount=\count134
\beamer@frametextheight=\dimen168
\c@subsectionslide=\count135
\beamer@frametopskip=\skip45
\beamer@framebottomskip=\skip46
\beamer@frametopskipautobreak=\skip47
\beamer@framebottomskipautobreak=\skip48
\beamer@envbody=\toks27
\framewidth=\dimen169
\c@framenumber=\count136
)
(/usr/share/texlive/texmf-dist/tex/latex/beamer/beamerbaseverbatim.sty
Package: beamerbaseverbatim 2015/01/05  (rcs-revision 431510bb5890)
\beamer@verbatimfileout=\write4
)
(/usr/share/texlive/texmf-dist/tex/latex/beamer/beamerbaseframesize.sty
Package: beamerbaseframesize 2011/09/12  (rcs-revision 70f9d8411e54)
\beamer@splitbox=\box43
\beamer@autobreakcount=\count137
\beamer@autobreaklastheight=\dimen170
\beamer@frametitletoks=\toks28
\beamer@framesubtitletoks=\toks29
)
(/usr/share/texlive/texmf-dist/tex/latex/beamer/beamerbaseframecomponents.sty
Package: beamerbaseframecomponents 2013/10/18  (rcs-revision 5cf6c5555a45)
\beamer@footins=\box44
)
(/usr/share/texlive/texmf-dist/tex/latex/beamer/beamerbasecolor.sty
Package: beamerbasecolor 2015/02/21  (rcs-revision d944b04ee2d5)
)
(/usr/share/texlive/texmf-dist/tex/latex/beamer/beamerbasenotes.sty
Package: beamerbasenotes 2012/12/19  (rcs-revision 1686da3db3c9)
\beamer@frameboxcopy=\box45
)
(/usr/share/texlive/texmf-dist/tex/latex/beamer/beamerbasetoc.sty
Package: beamerbasetoc 2015/03/08  (rcs-revision 7270298bbaae)
)
(/usr/share/texlive/texmf-dist/tex/latex/beamer/beamerbasetemplates.sty
Package: beamerbasetemplates 2010/05/01  (rcs-revision efa082c6111d)
\beamer@sbttoks=\toks30

(/usr/share/texlive/texmf-dist/tex/latex/beamer/beamerbaseauxtemplates.sty
Package: beamerbaseauxtemplates 2014/06/30  (rcs-revision 580088513a67)

(/usr/share/texlive/texmf-dist/tex/latex/beamer/beamerbaseboxes.sty
Package: beamerbaseboxes 2012/05/13  (rcs-revision 56972908a390)
\bmb@box=\box46
\bmb@colorbox=\box47
\bmb@boxshadow=\box48
\bmb@boxshadowball=\box49
\bmb@boxshadowballlarge=\box50
\bmb@temp=\dimen171
\bmb@dima=\dimen172
\bmb@dimb=\dimen173
\bmb@prevheight=\dimen174
)
\beamer@blockheadheight=\dimen175
))
(/usr/share/texlive/texmf-dist/tex/latex/beamer/beamerbaselocalstructure.sty
Package: beamerbaselocalstructure 2014/09/10  (rcs-revision 393f6dcff371)

(/usr/share/texlive/texmf-dist/tex/latex/tools/enumerate.sty
Package: enumerate 2015/07/23 v3.00 enumerate extensions (DPC)
\@enLab=\toks31
)
\c@figure=\count138
\c@table=\count139
\abovecaptionskip=\skip49
\belowcaptionskip=\skip50
)
(/usr/share/texlive/texmf-dist/tex/latex/beamer/beamerbasenavigation.sty
Package: beamerbasenavigation 2015/02/27  (rcs-revision 923f4bf87efa)
\beamer@section@min@dim=\dimen176
)
(/usr/share/texlive/texmf-dist/tex/latex/beamer/beamerbasetheorems.sty
Package: beamerbasetheorems 2010/06/06  (rcs-revision 7e7cc5e53e9d)

(/usr/share/texlive/texmf-dist/tex/latex/amsmath/amsmath.sty
Package: amsmath 2016/03/03 v2.15a AMS math features
\@mathmargin=\skip51

For additional information on amsmath, use the `?' option.
(/usr/share/texlive/texmf-dist/tex/latex/amsmath/amstext.sty
Package: amstext 2000/06/29 v2.01 AMS text

(/usr/share/texlive/texmf-dist/tex/latex/amsmath/amsgen.sty
File: amsgen.sty 1999/11/30 v2.0 generic functions
\@emptytoks=\toks32
\ex@=\dimen177
))
(/usr/share/texlive/texmf-dist/tex/latex/amsmath/amsbsy.sty
Package: amsbsy 1999/11/29 v1.2d Bold Symbols
\pmbraise@=\dimen178
)
(/usr/share/texlive/texmf-dist/tex/latex/amsmath/amsopn.sty
Package: amsopn 1999/12/14 v2.01 operator names
)
\inf@bad=\count140
LaTeX Info: Redefining \frac on input line 199.
\uproot@=\count141
\leftroot@=\count142
LaTeX Info: Redefining \overline on input line 297.
\classnum@=\count143
\DOTSCASE@=\count144
LaTeX Info: Redefining \ldots on input line 394.
LaTeX Info: Redefining \dots on input line 397.
LaTeX Info: Redefining \cdots on input line 518.
\Mathstrutbox@=\box51
\strutbox@=\box52
\big@size=\dimen179
LaTeX Font Info:    Redeclaring font encoding OML on input line 630.
LaTeX Font Info:    Redeclaring font encoding OMS on input line 631.
\macc@depth=\count145
\c@MaxMatrixCols=\count146
\dotsspace@=\muskip11
\c@parentequation=\count147
\dspbrk@lvl=\count148
\tag@help=\toks33
\row@=\count149
\column@=\count150
\maxfields@=\count151
\andhelp@=\toks34
\eqnshift@=\dimen180
\alignsep@=\dimen181
\tagshift@=\dimen182
\tagwidth@=\dimen183
\totwidth@=\dimen184
\lineht@=\dimen185
\@envbody=\toks35
\multlinegap=\skip52
\multlinetaggap=\skip53
\mathdisplay@stack=\toks36
LaTeX Info: Redefining \[ on input line 2735.
LaTeX Info: Redefining \] on input line 2736.
)
(/usr/share/texlive/texmf-dist/tex/latex/amscls/amsthm.sty
Package: amsthm 2015/03/04 v2.20.2
\thm@style=\toks37
\thm@bodyfont=\toks38
\thm@headfont=\toks39
\thm@notefont=\toks40
\thm@headpunct=\toks41
\thm@preskip=\skip54
\thm@postskip=\skip55
\thm@headsep=\skip56
\dth@everypar=\toks42
)
\c@theorem=\count152
)
(/usr/share/texlive/texmf-dist/tex/latex/beamer/beamerbasethemes.sty
Package: beamerbasethemes 2010/05/01  (rcs-revision efa082c6111d)
))
(/usr/share/texlive/texmf-dist/tex/latex/beamer/themes/theme/beamerthemedefault
.sty
Package: beamerthemedefault 2010/06/17  (rcs-revision d02a7cf4d8ae)

(/usr/share/texlive/texmf-dist/tex/latex/beamer/themes/font/beamerfontthemedefa
ult.sty
Package: beamerfontthemedefault 2012/12/19  (rcs-revision 1686da3db3c9)
)
(/usr/share/texlive/texmf-dist/tex/latex/beamer/themes/color/beamercolorthemede
fault.sty
Package: beamercolorthemedefault 2012/12/19  (rcs-revision 1686da3db3c9)
)
(/usr/share/texlive/texmf-dist/tex/latex/beamer/themes/inner/beamerinnerthemede
fault.sty
Package: beamerinnerthemedefault 2014/06/30  (rcs-revision 580088513a67)
\beamer@dima=\dimen186
\beamer@dimb=\dimen187
)
(/usr/share/texlive/texmf-dist/tex/latex/beamer/themes/outer/beamerouterthemede
fault.sty
Package: beamerouterthemedefault 2012/12/19  (rcs-revision 1686da3db3c9)
))) (/usr/share/texlive/texmf-dist/tex/latex/base/fontenc.sty
Package: fontenc 2005/09/27 v1.99g Standard LaTeX package

(/usr/share/texlive/texmf-dist/tex/latex/base/t1enc.def
File: t1enc.def 2005/09/27 v1.99g Standard LaTeX file
LaTeX Font Info:    Redeclaring font encoding T1 on input line 48.
))
(/usr/share/texlive/texmf-dist/tex/latex/base/inputenc.sty
Package: inputenc 2015/03/17 v1.2c Input encoding file
\inpenc@prehook=\toks43
\inpenc@posthook=\toks44

(/usr/share/texlive/texmf-dist/tex/latex/ucs/utf8x.def
File: utf8x.def 2004/10/17 UCS: Input encoding UTF-8
))
(/usr/share/texlive/texmf-dist/tex/latex/ucs/ucs.sty
Package: ucs 2013/05/11 v2.2 UCS: Unicode input support

(/usr/share/texlive/texmf-dist/tex/latex/ucs/data/uni-global.def
File: uni-global.def 2013/05/13 UCS: Unicode global data
)
\uc@secondtry=\count153
\uc@combtoks=\toks45
\uc@combtoksb=\toks46
\uc@temptokena=\toks47
)
(/usr/share/texmf/tex/latex/lm/lmodern.sty
Package: lmodern 2009/10/30 v1.6 Latin Modern Fonts
LaTeX Font Info:    Overwriting symbol font `operators' in version `normal'
(Font)                  OT1/cmr/m/n --> OT1/lmr/m/n on input line 22.
LaTeX Font Info:    Overwriting symbol font `letters' in version `normal'
(Font)                  OML/cmm/m/it --> OML/lmm/m/it on input line 23.
LaTeX Font Info:    Overwriting symbol font `symbols' in version `normal'
(Font)                  OMS/cmsy/m/n --> OMS/lmsy/m/n on input line 24.
LaTeX Font Info:    Overwriting symbol font `largesymbols' in version `normal'
(Font)                  OMX/cmex/m/n --> OMX/lmex/m/n on input line 25.
LaTeX Font Info:    Overwriting symbol font `operators' in version `bold'
(Font)                  OT1/cmr/bx/n --> OT1/lmr/bx/n on input line 26.
LaTeX Font Info:    Overwriting symbol font `letters' in version `bold'
(Font)                  OML/cmm/b/it --> OML/lmm/b/it on input line 27.
LaTeX Font Info:    Overwriting symbol font `symbols' in version `bold'
(Font)                  OMS/cmsy/b/n --> OMS/lmsy/b/n on input line 28.
LaTeX Font Info:    Overwriting symbol font `largesymbols' in version `bold'
(Font)                  OMX/cmex/m/n --> OMX/lmex/m/n on input line 29.
LaTeX Font Info:    Overwriting math alphabet `\mathbf' in version `normal'
(Font)                  OT1/cmr/bx/n --> OT1/lmr/bx/n on input line 31.
LaTeX Font Info:    Overwriting math alphabet `\mathsf' in version `normal'
(Font)                  OT1/cmss/m/n --> OT1/lmss/m/n on input line 32.
LaTeX Font Info:    Overwriting math alphabet `\mathit' in version `normal'
(Font)                  OT1/cmr/m/it --> OT1/lmr/m/it on input line 33.
LaTeX Font Info:    Overwriting math alphabet `\mathtt' in version `normal'
(Font)                  OT1/cmtt/m/n --> OT1/lmtt/m/n on input line 34.
LaTeX Font Info:    Overwriting math alphabet `\mathbf' in version `bold'
(Font)                  OT1/cmr/bx/n --> OT1/lmr/bx/n on input line 35.
LaTeX Font Info:    Overwriting math alphabet `\mathsf' in version `bold'
(Font)                  OT1/cmss/bx/n --> OT1/lmss/bx/n on input line 36.
LaTeX Font Info:    Overwriting math alphabet `\mathit' in version `bold'
(Font)                  OT1/cmr/bx/it --> OT1/lmr/bx/it on input line 37.
LaTeX Font Info:    Overwriting math alphabet `\mathtt' in version `bold'
(Font)                  OT1/cmtt/m/n --> OT1/lmtt/m/n on input line 38.
)
(/usr/share/texlive/texmf-dist/tex/generic/babel/babel.sty
Package: babel 2016/02/24 3.9q The Babel package

(/usr/share/texlive/texmf-dist/tex/generic/babel-english/english.ldf
Language: english 2012/08/20 v3.3p English support from the babel system

(/usr/share/texlive/texmf-dist/tex/generic/babel/babel.def
File: babel.def 2016/02/24 3.9q Babel common definitions
\babel@savecnt=\count154
\U@D=\dimen188
LaTeX Info: Redefining \textlatin on input line 1448.
)
\l@canadian = a dialect from \language\l@american 
\l@australian = a dialect from \language\l@british 
\l@newzealand = a dialect from \language\l@british 
))
(/usr/share/texlive/texmf-dist/tex/latex/babelbib/babelbib.sty
Package: babelbib 2012/01/03 v1.31 babelbib: multilingual bibliographies (HH)
\c@btxromaniannumeral=\count155
)
(/usr/share/texlive/texmf-dist/tex/latex/pgf/basiclayer/pgf.sty
Package: pgf 2015/08/07 v3.0.1a (rcs-revision 1.15)

(/usr/share/texlive/texmf-dist/tex/generic/pgf/modules/pgfmoduleshapes.code.tex
File: pgfmoduleshapes.code.tex 2014/03/21  (rcs-revision 1.35)
\pgfnodeparttextbox=\box53
) (/usr/share/texlive/texmf-dist/tex/generic/pgf/modules/pgfmoduleplot.code.tex
File: pgfmoduleplot.code.tex 2015/08/03  (rcs-revision 1.13)
)
(/usr/share/texlive/texmf-dist/tex/latex/pgf/compatibility/pgfcomp-version-0-65
.sty
Package: pgfcomp-version-0-65 2007/07/03 v3.0.1a (rcs-revision 1.7)
\pgf@nodesepstart=\dimen189
\pgf@nodesepend=\dimen190
)
(/usr/share/texlive/texmf-dist/tex/latex/pgf/compatibility/pgfcomp-version-1-18
.sty
Package: pgfcomp-version-1-18 2007/07/23 v3.0.1a (rcs-revision 1.1)
)) (/usr/share/texlive/texmf-dist/tex/latex/pdfpages/pdfpages.sty
Package: pdfpages 2015/09/18 v0.5d Insert pages of external PDF documents (AM)

(/usr/share/texlive/texmf-dist/tex/latex/base/ifthen.sty
Package: ifthen 2014/09/29 v1.1c Standard LaTeX ifthen package (DPC)
)
(/usr/share/texlive/texmf-dist/tex/latex/tools/calc.sty
Package: calc 2014/10/28 v4.3 Infix arithmetic (KKT,FJ)
\calc@Acount=\count156
\calc@Bcount=\count157
\calc@Adimen=\dimen191
\calc@Bdimen=\dimen192
\calc@Askip=\skip57
\calc@Bskip=\skip58
LaTeX Info: Redefining \setlength on input line 80.
LaTeX Info: Redefining \addtolength on input line 81.
\calc@Ccount=\count158
\calc@Cskip=\skip59
)
(/usr/share/texlive/texmf-dist/tex/latex/eso-pic/eso-pic.sty
Package: eso-pic 2015/07/21 v2.0g eso-pic (RN)
)
\AM@pagewidth=\dimen193
\AM@pageheight=\dimen194

(/usr/share/texlive/texmf-dist/tex/latex/pdfpages/pppdftex.def
File: pppdftex.def 2015/09/18 v0.5d Pdfpages driver for pdfTeX (AM)
)
\AM@pagebox=\box54
\AM@toc@title=\toks48
\c@AM@survey=\count159
\AM@templatesizebox=\box55
)
(/usr/share/texlive/texmf-dist/tex/latex/eulervm/eulervm.sty
Package: eulervm 2005/01/11 v4.0 (WaS)
)
(/usr/share/texlive/texmf-dist/tex/latex/fragments/subscript.sty
LaTeX Info: Redefining \textsubscript on input line 15.
)
(/usr/share/texlive/texmf-dist/tex/latex/booktabs/booktabs.sty
Package: booktabs 2005/04/14 v1.61803 publication quality tables
\heavyrulewidth=\dimen195
\lightrulewidth=\dimen196
\cmidrulewidth=\dimen197
\belowrulesep=\dimen198
\belowbottomsep=\dimen199
\aboverulesep=\dimen256
\abovetopsep=\dimen257
\cmidrulesep=\dimen258
\cmidrulekern=\dimen259
\defaultaddspace=\dimen260
\@cmidla=\count160
\@cmidlb=\count161
\@aboverulesep=\dimen261
\@belowrulesep=\dimen262
\@thisruleclass=\count162
\@lastruleclass=\count163
\@thisrulewidth=\dimen263
)
(/usr/share/texlive/texmf-dist/tex/latex/ms/ragged2e.sty
Package: ragged2e 2009/05/21 v2.1 ragged2e Package (MS)

(/usr/share/texlive/texmf-dist/tex/latex/ms/everysel.sty
Package: everysel 2011/10/28 v1.2 EverySelectfont Package (MS)
)
\CenteringLeftskip=\skip60
\RaggedLeftLeftskip=\skip61
\RaggedRightLeftskip=\skip62
\CenteringRightskip=\skip63
\RaggedLeftRightskip=\skip64
\RaggedRightRightskip=\skip65
\CenteringParfillskip=\skip66
\RaggedLeftParfillskip=\skip67
\RaggedRightParfillskip=\skip68
\JustifyingParfillskip=\skip69
\CenteringParindent=\skip70
\RaggedLeftParindent=\skip71
\RaggedRightParindent=\skip72
\JustifyingParindent=\skip73
)
(/usr/share/texlive/texmf-dist/tex/latex/setspace/setspace.sty
Package: setspace 2011/12/19 v6.7a set line spacing
)
(/usr/share/texlive/texmf-dist/tex/latex/beamer/themes/color/beamercolorthemese
ahorse.sty
Package: beamercolorthemeseahorse 2010/06/17  (rcs-revision d02a7cf4d8ae)
)
(/usr/share/texlive/texmf-dist/tex/latex/beamer/themes/color/beamercolorthemero
se.sty
Package: beamercolorthemerose 2010/06/17  (rcs-revision d02a7cf4d8ae)
)
(/usr/share/texlive/texmf-dist/tex/latex/beamer/themes/inner/beamerinnerthemero
unded.sty
Package: beamerinnerthemerounded 2010/06/17  (rcs-revision d02a7cf4d8ae)
)
(/usr/share/texlive/texmf-dist/tex/latex/beamer/themes/outer/beamerouterthememi
niframes.sty
Package: beamerouterthememiniframes 2010/06/17  (rcs-revision d02a7cf4d8ae)
) (./2018-01-25_Roman_Link_-_Drought_in_tropical_forests.aux)
\openout1 = `2018-01-25_Roman_Link_-_Drought_in_tropical_forests.aux'.

LaTeX Font Info:    Checking defaults for OML/cmm/m/it on input line 124.
LaTeX Font Info:    ... okay on input line 124.
LaTeX Font Info:    Checking defaults for T1/cmr/m/n on input line 124.
LaTeX Font Info:    ... okay on input line 124.
LaTeX Font Info:    Checking defaults for OT1/cmr/m/n on input line 124.
LaTeX Font Info:    ... okay on input line 124.
LaTeX Font Info:    Checking defaults for OMS/cmsy/m/n on input line 124.
LaTeX Font Info:    ... okay on input line 124.
LaTeX Font Info:    Checking defaults for OMX/cmex/m/n on input line 124.
LaTeX Font Info:    ... okay on input line 124.
LaTeX Font Info:    Checking defaults for U/cmr/m/n on input line 124.
LaTeX Font Info:    ... okay on input line 124.
LaTeX Font Info:    Checking defaults for PD1/pdf/m/n on input line 124.
LaTeX Font Info:    ... okay on input line 124.
LaTeX Font Info:    Try loading font information for T1+lmss on input line 124.


(/usr/share/texmf/tex/latex/lm/t1lmss.fd
File: t1lmss.fd 2009/10/30 v1.6 Font defs for Latin Modern
)
*geometry* driver: auto-detecting
*geometry* detected driver: pdftex
*geometry* verbose mode - [ preamble ] result:
* driver: pdftex
* paper: custom
* layout: <same size as paper>
* layoutoffset:(h,v)=(0.0pt,0.0pt)
* modes: includehead includefoot 
* h-part:(L,W,R)=(28.45274pt, 307.28987pt, 28.45274pt)
* v-part:(T,H,B)=(0.0pt, 273.14662pt, 0.0pt)
* \paperwidth=364.19536pt
* \paperheight=273.14662pt
* \textwidth=307.28987pt
* \textheight=244.6939pt
* \oddsidemargin=-43.81725pt
* \evensidemargin=-43.81725pt
* \topmargin=-72.26999pt
* \headheight=14.22636pt
* \headsep=0.0pt
* \topskip=11.0pt
* \footskip=14.22636pt
* \marginparwidth=4.0pt
* \marginparsep=10.0pt
* \columnsep=10.0pt
* \skip\footins=10.0pt plus 4.0pt minus 2.0pt
* \hoffset=0.0pt
* \voffset=0.0pt
* \mag=1000
* \@twocolumnfalse
* \@twosidefalse
* \@mparswitchfalse
* \@reversemarginfalse
* (1in=72.27pt=25.4mm, 1cm=28.453pt)

(/usr/share/texlive/texmf-dist/tex/context/base/supp-pdf.mkii
[Loading MPS to PDF converter (version 2006.09.02).]
\scratchcounter=\count164
\scratchdimen=\dimen264
\scratchbox=\box56
\nofMPsegments=\count165
\nofMParguments=\count166
\everyMPshowfont=\toks49
\MPscratchCnt=\count167
\MPscratchDim=\dimen265
\MPnumerator=\count168
\makeMPintoPDFobject=\count169
\everyMPtoPDFconversion=\toks50
) (/usr/share/texlive/texmf-dist/tex/latex/oberdiek/epstopdf-base.sty
Package: epstopdf-base 2010/02/09 v2.5 Base part for package epstopdf

(/usr/share/texlive/texmf-dist/tex/latex/oberdiek/grfext.sty
Package: grfext 2010/08/19 v1.1 Manage graphics extensions (HO)
)
Package grfext Info: Graphics extension search list:
(grfext)             [.png,.pdf,.jpg,.mps,.jpeg,.jbig2,.jb2,.PNG,.PDF,.JPG,.JPE
G,.JBIG2,.JB2,.eps]
(grfext)             \AppendGraphicsExtensions on input line 452.

(/usr/share/texlive/texmf-dist/tex/latex/latexconfig/epstopdf-sys.cfg
File: epstopdf-sys.cfg 2010/07/13 v1.3 Configuration of (r)epstopdf for TeX Liv
e
))
ABD: EveryShipout initializing macros
\AtBeginShipoutBox=\box57
Package hyperref Info: Link coloring OFF on input line 124.

(/usr/share/texlive/texmf-dist/tex/latex/hyperref/nameref.sty
Package: nameref 2012/10/27 v2.43 Cross-referencing by name of section

(/usr/share/texlive/texmf-dist/tex/generic/oberdiek/gettitlestring.sty
Package: gettitlestring 2010/12/03 v1.4 Cleanup title references (HO)
)
\c@section@level=\count170
)
LaTeX Info: Redefining \ref on input line 124.
LaTeX Info: Redefining \pageref on input line 124.
LaTeX Info: Redefining \nameref on input line 124.

(./2018-01-25_Roman_Link_-_Drought_in_tropical_forests.out)
(./2018-01-25_Roman_Link_-_Drought_in_tropical_forests.out)
\@outlinefile=\write5
\openout5 = `2018-01-25_Roman_Link_-_Drought_in_tropical_forests.out'.

LaTeX Font Info:    Encoding `T1' has changed to `OT1' for symbol font
(Font)              `operators' in the math version `normal' on input line 124.

LaTeX Font Info:    Overwriting symbol font `operators' in version `normal'
(Font)                  T1/lmss/m/n --> OT1/cmss/m/n on input line 124.
LaTeX Font Info:    Encoding `T1' has changed to `OT1' for symbol font
(Font)              `operators' in the math version `bold' on input line 124.
LaTeX Font Info:    Overwriting symbol font `operators' in version `bold'
(Font)                  T1/lmss/b/n --> OT1/cmss/bx/n on input line 124.
LaTeX Font Info:    Overwriting symbol font `operators' in version `normal'
(Font)                  OT1/cmss/m/n --> OT1/lmss/m/n on input line 124.
LaTeX Font Info:    Overwriting symbol font `operators' in version `bold'
(Font)                  OT1/cmss/bx/n --> OT1/lmss/bx/n on input line 124.
\symnumbers=\mathgroup6
\sympureletters=\mathgroup7
LaTeX Font Info:    Overwriting math alphabet `\mathrm' in version `normal'
(Font)                  OT1/lmss/m/n --> T1/lmr/m/n on input line 124.
LaTeX Font Info:    Redeclaring math alphabet \mathbf on input line 124.
LaTeX Font Info:    Overwriting math alphabet `\mathbf' in version `normal'
(Font)                  T1/lmr/b/n --> T1/lmss/bx/n on input line 124.
LaTeX Font Info:    Overwriting math alphabet `\mathbf' in version `bold'
(Font)                  T1/lmr/b/n --> T1/lmss/bx/n on input line 124.
LaTeX Font Info:    Redeclaring math alphabet \mathsf on input line 124.
LaTeX Font Info:    Overwriting math alphabet `\mathsf' in version `normal'
(Font)                  T1/lmss/m/n --> T1/lmss/m/n on input line 124.
LaTeX Font Info:    Overwriting math alphabet `\mathsf' in version `bold'
(Font)                  T1/lmss/b/n --> T1/lmss/m/n on input line 124.
LaTeX Font Info:    Redeclaring math alphabet \mathit on input line 124.
LaTeX Font Info:    Overwriting math alphabet `\mathit' in version `normal'
(Font)                  T1/lmr/m/it --> T1/lmss/m/it on input line 124.
LaTeX Font Info:    Overwriting math alphabet `\mathit' in version `bold'
(Font)                  T1/lmr/b/it --> T1/lmss/m/it on input line 124.
LaTeX Font Info:    Redeclaring math alphabet \mathtt on input line 124.
LaTeX Font Info:    Overwriting math alphabet `\mathtt' in version `normal'
(Font)                  T1/lmtt/m/n --> T1/lmtt/m/n on input line 124.
LaTeX Font Info:    Overwriting math alphabet `\mathtt' in version `bold'
(Font)                  T1/lmtt/b/n --> T1/lmtt/m/n on input line 124.
LaTeX Font Info:    Overwriting symbol font `numbers' in version `bold'
(Font)                  T1/lmss/m/n --> T1/lmss/bx/n on input line 124.
LaTeX Font Info:    Overwriting symbol font `pureletters' in version `bold'
(Font)                  T1/lmss/m/it --> T1/lmss/bx/it on input line 124.
LaTeX Font Info:    Overwriting math alphabet `\mathrm' in version `bold'
(Font)                  OT1/lmss/bx/n --> T1/lmr/bx/n on input line 124.
LaTeX Font Info:    Overwriting math alphabet `\mathbf' in version `bold'
(Font)                  T1/lmss/bx/n --> T1/lmss/bx/n on input line 124.
LaTeX Font Info:    Overwriting math alphabet `\mathsf' in version `bold'
(Font)                  T1/lmss/m/n --> T1/lmss/bx/n on input line 124.
LaTeX Font Info:    Overwriting math alphabet `\mathit' in version `bold'
(Font)                  T1/lmss/m/it --> T1/lmss/bx/it on input line 124.
LaTeX Font Info:    Overwriting math alphabet `\mathtt' in version `bold'
(Font)                  T1/lmtt/m/n --> T1/lmtt/bx/n on input line 124.

(/usr/share/texlive/texmf-dist/tex/latex/beamer/translator/dicts/translator-bas
ic-dictionary/translator-basic-dictionary-English.dict
Dictionary: translator-basic-dictionary, Language: English 
)
(/usr/share/texlive/texmf-dist/tex/latex/beamer/translator/dicts/translator-bib
liography-dictionary/translator-bibliography-dictionary-English.dict
Dictionary: translator-bibliography-dictionary, Language: English 
)
(/usr/share/texlive/texmf-dist/tex/latex/beamer/translator/dicts/translator-env
ironment-dictionary/translator-environment-dictionary-English.dict
Dictionary: translator-environment-dictionary, Language: English 
)
(/usr/share/texlive/texmf-dist/tex/latex/beamer/translator/dicts/translator-mon
ths-dictionary/translator-months-dictionary-English.dict
Dictionary: translator-months-dictionary, Language: English 
)
(/usr/share/texlive/texmf-dist/tex/latex/beamer/translator/dicts/translator-num
bers-dictionary/translator-numbers-dictionary-English.dict
Dictionary: translator-numbers-dictionary, Language: English 
)
(/usr/share/texlive/texmf-dist/tex/latex/beamer/translator/dicts/translator-the
orem-dictionary/translator-theorem-dictionary-English.dict
Dictionary: translator-theorem-dictionary, Language: English 
)
LaTeX Info: Redefining \includegraphics on input line 124.

(/usr/share/texlive/texmf-dist/tex/latex/ucs/ucsencs.def
File: ucsencs.def 2011/01/21 Fixes to fontencodings LGR, T3
)
babelbib: Use citation-dependent languages in bibliography
babelbib: Set bibliography fall-back language to english
(/usr/share/texlive/texmf-dist/tex/latex/babelbib/english.bdf
File: english.bdf 2012/01/03 v1.31 babelbib: multilingual bibliographies (HH)

babelbib extension \bibsenglish added to \extrasenglish
babelbib extension \btxifchangecaseon added to \extrasenglish
) (/usr/share/texlive/texmf-dist/tex/latex/oberdiek/pdflscape.sty
Package: pdflscape 2008/08/11 v0.10 Display of landscape pages in PDF (HO)

(/usr/share/texlive/texmf-dist/tex/latex/graphics/lscape.sty
Package: lscape 2000/10/22 v3.01 Landscape Pages (DPC)
)
Package pdflscape Info: Auto-detected driver: pdftex on input line 80.
)
ABD: EverySelectfont initializing macros
LaTeX Info: Redefining \selectfont on input line 124.

(./2018-01-25_Roman_Link_-_Drought_in_tropical_forests.nav)
(/usr/share/texlive/texmf-dist/tex/latex/ucs/data/uni-0.def
File: uni-0.def 2013/05/13 UCS: Unicode data U+0000..U+00FF
)
<logo_uni_goe_transparent.png, id=45, 1838.87pt x 1565.85pt>
File: logo_uni_goe_transparent.png Graphic file (type png)

<use logo_uni_goe_transparent.png>
Package pdftex.def Info: logo_uni_goe_transparent.png used on input line 129.
(pdftex.def)             Requested size: 85.0pt x 72.37164pt.
 [1{/var/lib/texmf/fonts/map/pdftex/updmap/pdftex.map}

 <./logo_uni_goe_transparent.png>]
File: logo_uni_goe_transparent.png Graphic file (type png)
 <use logo_uni_goe_transparent.png>
Package pdftex.def Info: logo_uni_goe_transparent.png used on input line 142.
(pdftex.def)             Requested size: 85.0pt x 72.37164pt.

[2

]
File: logo_uni_goe_transparent.png Graphic file (type png)
 <use logo_uni_goe_transparent.png>
Package pdftex.def Info: logo_uni_goe_transparent.png used on input line 142.
(pdftex.def)             Requested size: 85.0pt x 72.37164pt.
 [3

]
File: logo_uni_goe_transparent.png Graphic file (type png)
 <use logo_uni_goe_transparent.png>
Package pdftex.def Info: logo_uni_goe_transparent.png used on input line 142.
(pdftex.def)             Requested size: 85.0pt x 72.37164pt.

[4

]
File: logo_uni_goe_transparent.png Graphic file (type png)
 <use logo_uni_goe_transparent.png>
Package pdftex.def Info: logo_uni_goe_transparent.png used on input line 142.
(pdftex.def)             Requested size: 85.0pt x 72.37164pt.
 [5

]
File: logo_uni_goe_transparent.png Graphic file (type png)
 <use logo_uni_goe_transparent.png>
Package pdftex.def Info: logo_uni_goe_transparent.png used on input line 142.
(pdftex.def)             Requested size: 85.0pt x 72.37164pt.

[6

]
File: logo_uni_goe_transparent.png Graphic file (type png)
 <use logo_uni_goe_transparent.png>
Package pdftex.def Info: logo_uni_goe_transparent.png used on input line 142.
(pdftex.def)             Requested size: 85.0pt x 72.37164pt.
 [7

]
File: logo_uni_goe_transparent.png Graphic file (type png)
 <use logo_uni_goe_transparent.png>
Package pdftex.def Info: logo_uni_goe_transparent.png used on input line 151.
(pdftex.def)             Requested size: 85.0pt x 72.37164pt.

[8

]
File: logo_uni_goe_transparent.png Graphic file (type png)
 <use logo_uni_goe_transparent.png>
Package pdftex.def Info: logo_uni_goe_transparent.png used on input line 158.
(pdftex.def)             Requested size: 85.0pt x 72.37164pt.
 [9

]
LaTeX Font Info:    Try loading font information for OT1+lmss on input line 172
.

(/usr/share/texmf/tex/latex/lm/ot1lmss.fd
File: ot1lmss.fd 2009/10/30 v1.6 Font defs for Latin Modern
)
LaTeX Font Info:    Try loading font information for U+zeur on input line 172.

(/usr/share/texlive/texmf-dist/tex/latex/eulervm/uzeur.fd
File: uzeur.fd 2005/01/11 v4.0 (WaS)
)
LaTeX Font Info:    Try loading font information for U+zeus on input line 172.

(/usr/share/texlive/texmf-dist/tex/latex/eulervm/uzeus.fd
File: uzeus.fd 2005/01/11 v4.0 (WaS)
)
LaTeX Font Info:    Try loading font information for U+zeuex on input line 172.


(/usr/share/texlive/texmf-dist/tex/latex/eulervm/uzeuex.fd
File: uzeuex.fd 2005/01/11 v4.0 (WaS)
)
LaTeX Font Info:    Font shape `T1/lmss/m/it' in size <10.95> not available
(Font)              Font shape `T1/lmss/m/sl' tried instead on input line 172.
LaTeX Font Info:    Font shape `T1/lmss/m/it' in size <8> not available
(Font)              Font shape `T1/lmss/m/sl' tried instead on input line 172.
LaTeX Font Info:    Font shape `T1/lmss/m/it' in size <6> not available
(Font)              Font shape `T1/lmss/m/sl' tried instead on input line 172.

<figures/map_01_all_sites.png, id=347, 1006.76125pt x 967.615pt>
File: figures/map_01_all_sites.png Graphic file (type png)

<use figures/map_01_all_sites.png>
Package pdftex.def Info: figures/map_01_all_sites.png used on input line 172.
(pdftex.def)             Requested size: 147.49782pt x 141.7549pt.
File: logo_uni_goe_transparent.png Graphic file (type png)
 <use logo_uni_goe_transparent.png>
Package pdftex.def Info: logo_uni_goe_transparent.png used on input line 172.
(pdftex.def)             Requested size: 85.0pt x 72.37164pt.
 [10

 <./figures/map_01_all_sites.png>]
File: figures/map_01_all_sites.png Graphic file (type png)
 <use figures/map_01_all_sites.png>
Package pdftex.def Info: figures/map_01_all_sites.png used on input line 172.
(pdftex.def)             Requested size: 147.49782pt x 141.7549pt.
File: logo_uni_goe_transparent.png Graphic file (type png)

<use logo_uni_goe_transparent.png>
Package pdftex.def Info: logo_uni_goe_transparent.png used on input line 172.
(pdftex.def)             Requested size: 85.0pt x 72.37164pt.
 [11

]
File: figures/map_01_all_sites.png Graphic file (type png)
 <use figures/map_01_all_sites.png>
Package pdftex.def Info: figures/map_01_all_sites.png used on input line 172.
(pdftex.def)             Requested size: 147.49782pt x 141.7549pt.
File: logo_uni_goe_transparent.png Graphic file (type png)

<use logo_uni_goe_transparent.png>
Package pdftex.def Info: logo_uni_goe_transparent.png used on input line 172.
(pdftex.def)             Requested size: 85.0pt x 72.37164pt.
 [12

]
File: figures/map_01_all_sites.png Graphic file (type png)
 <use figures/map_01_all_sites.png>
Package pdftex.def Info: figures/map_01_all_sites.png used on input line 187.
(pdftex.def)             Requested size: 147.49782pt x 141.7549pt.
File: logo_uni_goe_transparent.png Graphic file (type png)

<use logo_uni_goe_transparent.png>
Package pdftex.def Info: logo_uni_goe_transparent.png used on input line 187.
(pdftex.def)             Requested size: 85.0pt x 72.37164pt.
 [13

]
File: figures/map_01_all_sites.png Graphic file (type png)
 <use figures/map_01_all_sites.png>
Package pdftex.def Info: figures/map_01_all_sites.png used on input line 187.
(pdftex.def)             Requested size: 147.49782pt x 141.7549pt.
File: logo_uni_goe_transparent.png Graphic file (type png)

<use logo_uni_goe_transparent.png>
Package pdftex.def Info: logo_uni_goe_transparent.png used on input line 187.
(pdftex.def)             Requested size: 85.0pt x 72.37164pt.
 [14

]
File: figures/map_01_all_sites.png Graphic file (type png)
 <use figures/map_01_all_sites.png>
Package pdftex.def Info: figures/map_01_all_sites.png used on input line 187.
(pdftex.def)             Requested size: 147.49782pt x 141.7549pt.
File: logo_uni_goe_transparent.png Graphic file (type png)

<use logo_uni_goe_transparent.png>
Package pdftex.def Info: logo_uni_goe_transparent.png used on input line 187.
(pdftex.def)             Requested size: 85.0pt x 72.37164pt.
 [15

]
File: logo_uni_goe_transparent.png Graphic file (type png)
 <use logo_uni_goe_transparent.png>
Package pdftex.def Info: logo_uni_goe_transparent.png used on input line 216.
(pdftex.def)             Requested size: 85.0pt x 72.37164pt.

[16

]
File: logo_uni_goe_transparent.png Graphic file (type png)
 <use logo_uni_goe_transparent.png>
Package pdftex.def Info: logo_uni_goe_transparent.png used on input line 216.
(pdftex.def)             Requested size: 85.0pt x 72.37164pt.
 [17

]
File: logo_uni_goe_transparent.png Graphic file (type png)

<use logo_uni_goe_transparent.png>
Package pdftex.def Info: logo_uni_goe_transparent.png used on input line 230.
(pdftex.def)             Requested size: 85.0pt x 72.37164pt.
 [18

]
File: logo_uni_goe_transparent.png Graphic file (type png)
 <use logo_uni_goe_transparent.png>
Package pdftex.def Info: logo_uni_goe_transparent.png used on input line 230.
(pdftex.def)             Requested size: 85.0pt x 72.37164pt.

[19

]
File: logo_uni_goe_transparent.png Graphic file (type png)
 <use logo_uni_goe_transparent.png>
Package pdftex.def Info: logo_uni_goe_transparent.png used on input line 230.
(pdftex.def)             Requested size: 85.0pt x 72.37164pt.
 [20

]
File: logo_uni_goe_transparent.png Graphic file (type png)

<use logo_uni_goe_transparent.png>
Package pdftex.def Info: logo_uni_goe_transparent.png used on input line 230.
(pdftex.def)             Requested size: 85.0pt x 72.37164pt.
 [21

]
File: logo_uni_goe_transparent.png Graphic file (type png)
 <use logo_uni_goe_transparent.png>
Package pdftex.def Info: logo_uni_goe_transparent.png used on input line 230.
(pdftex.def)             Requested size: 85.0pt x 72.37164pt.

[22

]
File: logo_uni_goe_transparent.png Graphic file (type png)
 <use logo_uni_goe_transparent.png>
Package pdftex.def Info: logo_uni_goe_transparent.png used on input line 230.
(pdftex.def)             Requested size: 85.0pt x 72.37164pt.
 [23

]
<figures/map_02_horizontes.png, id=795, 1006.76125pt x 967.615pt>
File: figures/map_02_horizontes.png Graphic file (type png)

<use figures/map_02_horizontes.png>
Package pdftex.def Info: figures/map_02_horizontes.png used on input line 252.
(pdftex.def)             Requested size: 147.49782pt x 141.7549pt.

Underfull \hbox (badness 10000) in paragraph at lines 252--252

 []

File: logo_uni_goe_transparent.png Graphic file (type png)
<use logo_uni_goe_transparent.png>
Package pdftex.def Info: logo_uni_goe_transparent.png used on input line 252.
(pdftex.def)             Requested size: 85.0pt x 72.37164pt.
 [24

 <./figures/map_02_horizontes.png>]
<figures/Guanacaste2015.jpg, id=831, 895.345pt x 769.87625pt>
File: figures/Guanacaste2015.jpg Graphic file (type jpg)

<use figures/Guanacaste2015.jpg>
Package pdftex.def Info: figures/Guanacaste2015.jpg used on input line 252.
(pdftex.def)             Requested size: 147.49782pt x 126.82439pt.

Underfull \hbox (badness 10000) in paragraph at lines 252--252

 []

File: logo_uni_goe_transparent.png Graphic file (type png)
<use logo_uni_goe_transparent.png>
Package pdftex.def Info: logo_uni_goe_transparent.png used on input line 252.
(pdftex.def)             Requested size: 85.0pt x 72.37164pt.
 [25

 <./figures/Guanacaste2015.jpg>]
File: figures/Guanacaste2015.jpg Graphic file (type jpg)

<use figures/Guanacaste2015.jpg>
Package pdftex.def Info: figures/Guanacaste2015.jpg used on input line 252.
(pdftex.def)             Requested size: 147.49782pt x 126.82439pt.

Underfull \hbox (badness 10000) in paragraph at lines 252--252

 []

File: logo_uni_goe_transparent.png Graphic file (type png)
<use logo_uni_goe_transparent.png>
Package pdftex.def Info: logo_uni_goe_transparent.png used on input line 252.
(pdftex.def)             Requested size: 85.0pt x 72.37164pt.
 [26

]
<figures/HFD_01_sensor.JPG, id=895, 526.95154pt x 896.97394pt>
File: figures/HFD_01_sensor.JPG Graphic file (type jpg)

<use figures/HFD_01_sensor.JPG>
Package pdftex.def Info: figures/HFD_01_sensor.JPG used on input line 252.
(pdftex.def)             Requested size: 103.24802pt x 175.73726pt.
File: logo_uni_goe_transparent.png Graphic file (type png)
 <use logo_uni_goe_transparent.png>
Package pdftex.def Info: logo_uni_goe_transparent.png used on input line 252.
(pdftex.def)             Requested size: 85.0pt x 72.37164pt.
 [27

 <./figures/HFD_01_sensor.JPG>]
<figures/horizontes_WD_height1.png, id=926, 511.9125pt x 398.2077pt>
File: figures/horizontes_WD_height1.png Graphic file (type png)

<use figures/horizontes_WD_height1.png>
Package pdftex.def Info: figures/horizontes_WD_height1.png used on input line 2
56.
(pdftex.def)             Requested size: 319.42899pt x 248.48033pt.

Overfull \hbox (12.13911pt too wide) in paragraph at lines 256--256
[][]  
 []


Overfull \vbox (1.0pt too high) detected at line 256
 []

File: logo_uni_goe_transparent.png Graphic file (type png)
<use logo_uni_goe_transparent.png>
Package pdftex.def Info: logo_uni_goe_transparent.png used on input line 256.
(pdftex.def)             Requested size: 85.0pt x 72.37164pt.
 [28

 <./figures/horizontes_WD_height1.png (PNG copy)>]
LaTeX Font Info:    Font shape `T1/lmss/m/it' in size <10> not available
(Font)              Font shape `T1/lmss/m/sl' tried instead on input line 274.
LaTeX Font Info:    Font shape `T1/lmss/m/it' in size <7> not available
(Font)              Font shape `T1/lmss/m/sl' tried instead on input line 274.
LaTeX Font Info:    Font shape `T1/lmss/m/it' in size <5> not available
(Font)              Font shape `T1/lmss/m/sl' tried instead on input line 274.
File: logo_uni_goe_transparent.png Graphic file (type png)
 <use logo_uni_goe_transparent.png>
Package pdftex.def Info: logo_uni_goe_transparent.png used on input line 274.
(pdftex.def)             Requested size: 85.0pt x 72.37164pt.
 [29

]
<figures/nadezhdina_01.png, id=990, 1216.545pt x 882.29625pt>
File: figures/nadezhdina_01.png Graphic file (type png)

<use figures/nadezhdina_01.png>
Package pdftex.def Info: figures/nadezhdina_01.png used on input line 293.
(pdftex.def)             Requested size: 147.49782pt x 106.96146pt.

Underfull \hbox (badness 10000) in paragraph at lines 293--293

 []

File: logo_uni_goe_transparent.png Graphic file (type png)
<use logo_uni_goe_transparent.png>
Package pdftex.def Info: logo_uni_goe_transparent.png used on input line 293.
(pdftex.def)             Requested size: 85.0pt x 72.37164pt.
 [30

 <./figures/nadezhdina_01.png (PNG copy)>]
File: figures/nadezhdina_01.png Graphic file (type png)
 <use figures/nadezhdina_01.png>
Package pdftex.def Info: figures/nadezhdina_01.png used on input line 293.
(pdftex.def)             Requested size: 147.49782pt x 106.96146pt.

Underfull \hbox (badness 10000) in paragraph at lines 293--293

 []

File: logo_uni_goe_transparent.png Graphic file (type png)
<use logo_uni_goe_transparent.png>
Package pdftex.def Info: logo_uni_goe_transparent.png used on input line 293.
(pdftex.def)             Requested size: 85.0pt x 72.37164pt.
 [31

]
<figures/nadezhdina_02.png, id=1057, 328.22626pt x 514.92375pt>
File: figures/nadezhdina_02.png Graphic file (type png)

<use figures/nadezhdina_02.png>
Package pdftex.def Info: figures/nadezhdina_02.png used on input line 293.
(pdftex.def)             Requested size: 88.49959pt x 138.83484pt.

Underfull \hbox (badness 10000) in paragraph at lines 293--293

 []

File: logo_uni_goe_transparent.png Graphic file (type png)
<use logo_uni_goe_transparent.png>
Package pdftex.def Info: logo_uni_goe_transparent.png used on input line 293.
(pdftex.def)             Requested size: 85.0pt x 72.37164pt.
 [32

 <./figures/nadezhdina_02.png (PNG copy)>]
File: figures/nadezhdina_02.png Graphic file (type png)
 <use figures/nadezhdina_02.png>
Package pdftex.def Info: figures/nadezhdina_02.png used on input line 293.
(pdftex.def)             Requested size: 88.49959pt x 138.83484pt.

Underfull \hbox (badness 10000) in paragraph at lines 293--293

 []

File: logo_uni_goe_transparent.png Graphic file (type png)
<use logo_uni_goe_transparent.png>
Package pdftex.def Info: logo_uni_goe_transparent.png used on input line 293.
(pdftex.def)             Requested size: 85.0pt x 72.37164pt.
 [33

]
File: logo_uni_goe_transparent.png Graphic file (type png)
 <use logo_uni_goe_transparent.png>
Package pdftex.def Info: logo_uni_goe_transparent.png used on input line 310.
(pdftex.def)             Requested size: 85.0pt x 72.37164pt.

[34

] <figures/vandegehuchte_01.png, id=1152, 1532.72626pt x 594.22pt>
File: figures/vandegehuchte_01.png Graphic file (type png)

<use figures/vandegehuchte_01.png>
Package pdftex.def Info: figures/vandegehuchte_01.png used on input line 310.
(pdftex.def)             Requested size: 307.28987pt x 119.13203pt.
File: logo_uni_goe_transparent.png Graphic file (type png)
 <use logo_uni_goe_transparent.png>
Package pdftex.def Info: logo_uni_goe_transparent.png used on input line 310.
(pdftex.def)             Requested size: 85.0pt x 72.37164pt.
 [35

 <./figures/vandegehuchte_01.png (PNG copy)>]
<figures/HFDSeb_01_paper.png, id=1184, 1555.8125pt x 596.2275pt>
File: figures/HFDSeb_01_paper.png Graphic file (type png)

<use figures/HFDSeb_01_paper.png>
Package pdftex.def Info: figures/HFDSeb_01_paper.png used on input line 310.
(pdftex.def)             Requested size: 307.28987pt x 117.76045pt.
File: logo_uni_goe_transparent.png Graphic file (type png)
 <use logo_uni_goe_transparent.png>
Package pdftex.def Info: logo_uni_goe_transparent.png used on input line 310.
(pdftex.def)             Requested size: 85.0pt x 72.37164pt.
 [36

 <./figures/HFDSeb_01_paper.png (PNG copy)>]
<figures/HFDSeb_02_accuracy.png, id=1217, 241.6227pt x 241.6227pt>
File: figures/HFDSeb_02_accuracy.png Graphic file (type png)

<use figures/HFDSeb_02_accuracy.png>
Package pdftex.def Info: figures/HFDSeb_02_accuracy.png used on input line 310.

(pdftex.def)             Requested size: 138.2795pt x 138.28676pt.

Overfull \vbox (3.50626pt too high) detected at line 310
 []

File: logo_uni_goe_transparent.png Graphic file (type png)
<use logo_uni_goe_transparent.png>
Package pdftex.def Info: logo_uni_goe_transparent.png used on input line 310.
(pdftex.def)             Requested size: 85.0pt x 72.37164pt.
 [37

 <./figures/HFDSeb_02_accuracy.png (PNG copy)>]
File: logo_uni_goe_transparent.png Graphic file (type png)
 <use logo_uni_goe_transparent.png>
Package pdftex.def Info: logo_uni_goe_transparent.png used on input line 310.
(pdftex.def)             Requested size: 85.0pt x 72.37164pt.
 [38

]
File: logo_uni_goe_transparent.png Graphic file (type png)

<use logo_uni_goe_transparent.png>
Package pdftex.def Info: logo_uni_goe_transparent.png used on input line 310.
(pdftex.def)             Requested size: 85.0pt x 72.37164pt.
 [39

]
<figures/HFD_05_profile_simarouba.png, id=1310, 68.02414pt x 97.5645pt>
File: figures/HFD_05_profile_simarouba.png Graphic file (type png)

<use figures/HFD_05_profile_simarouba.png>
Package pdftex.def Info: figures/HFD_05_profile_simarouba.png used on input lin
e 330.
(pdftex.def)             Requested size: 116.77164pt x 167.4816pt.
File: logo_uni_goe_transparent.png Graphic file (type png)
 <use logo_uni_goe_transparent.png>
Package pdftex.def Info: logo_uni_goe_transparent.png used on input line 330.
(pdftex.def)             Requested size: 85.0pt x 72.37164pt.

[40

 <./figures/HFD_05_profile_simarouba.png>]
File: figures/HFD_05_profile_simarouba.png Graphic file (type png)

<use figures/HFD_05_profile_simarouba.png>
Package pdftex.def Info: figures/HFD_05_profile_simarouba.png used on input lin
e 330.
(pdftex.def)             Requested size: 116.77164pt x 167.4816pt.
File: logo_uni_goe_transparent.png Graphic file (type png)
 <use logo_uni_goe_transparent.png>
Package pdftex.def Info: logo_uni_goe_transparent.png used on input line 330.
(pdftex.def)             Requested size: 85.0pt x 72.37164pt.

[41

]
File: figures/HFD_05_profile_simarouba.png Graphic file (type png)
 <use figures/HFD_05_profile_simarouba.png>
Package pdftex.def Info: figures/HFD_05_profile_simarouba.png used on input lin
e 330.
(pdftex.def)             Requested size: 116.77164pt x 167.4816pt.
File: logo_uni_goe_transparent.png Graphic file (type png)

<use logo_uni_goe_transparent.png>
Package pdftex.def Info: logo_uni_goe_transparent.png used on input line 330.
(pdftex.def)             Requested size: 85.0pt x 72.37164pt.
 [42

]
File: figures/HFD_05_profile_simarouba.png Graphic file (type png)

<use figures/HFD_05_profile_simarouba.png>
Package pdftex.def Info: figures/HFD_05_profile_simarouba.png used on input lin
e 330.
(pdftex.def)             Requested size: 116.77164pt x 167.4816pt.
File: logo_uni_goe_transparent.png Graphic file (type png)
 <use logo_uni_goe_transparent.png>
Package pdftex.def Info: logo_uni_goe_transparent.png used on input line 330.
(pdftex.def)             Requested size: 85.0pt x 72.37164pt.

[43

]
File: figures/HFD_05_profile_simarouba.png Graphic file (type png)
 <use figures/HFD_05_profile_simarouba.png>
Package pdftex.def Info: figures/HFD_05_profile_simarouba.png used on input lin
e 330.
(pdftex.def)             Requested size: 116.77164pt x 167.4816pt.
File: logo_uni_goe_transparent.png Graphic file (type png)

<use logo_uni_goe_transparent.png>
Package pdftex.def Info: logo_uni_goe_transparent.png used on input line 330.
(pdftex.def)             Requested size: 85.0pt x 72.37164pt.
 [44

]
File: figures/HFD_05_profile_simarouba.png Graphic file (type png)

<use figures/HFD_05_profile_simarouba.png>
Package pdftex.def Info: figures/HFD_05_profile_simarouba.png used on input lin
e 330.
(pdftex.def)             Requested size: 116.77164pt x 167.4816pt.
File: logo_uni_goe_transparent.png Graphic file (type png)
 <use logo_uni_goe_transparent.png>
Package pdftex.def Info: logo_uni_goe_transparent.png used on input line 330.
(pdftex.def)             Requested size: 85.0pt x 72.37164pt.

[45

]
File: figures/HFD_05_profile_simarouba.png Graphic file (type png)
 <use figures/HFD_05_profile_simarouba.png>
Package pdftex.def Info: figures/HFD_05_profile_simarouba.png used on input lin
e 345.
(pdftex.def)             Requested size: 116.77164pt x 167.4816pt.
File: logo_uni_goe_transparent.png Graphic file (type png)

<use logo_uni_goe_transparent.png>
Package pdftex.def Info: logo_uni_goe_transparent.png used on input line 345.
(pdftex.def)             Requested size: 85.0pt x 72.37164pt.
 [46

]
File: figures/HFD_05_profile_simarouba.png Graphic file (type png)

<use figures/HFD_05_profile_simarouba.png>
Package pdftex.def Info: figures/HFD_05_profile_simarouba.png used on input lin
e 345.
(pdftex.def)             Requested size: 116.77164pt x 167.4816pt.
File: logo_uni_goe_transparent.png Graphic file (type png)
 <use logo_uni_goe_transparent.png>
Package pdftex.def Info: logo_uni_goe_transparent.png used on input line 345.
(pdftex.def)             Requested size: 85.0pt x 72.37164pt.

[47

]
File: figures/HFD_05_profile_simarouba.png Graphic file (type png)
 <use figures/HFD_05_profile_simarouba.png>
Package pdftex.def Info: figures/HFD_05_profile_simarouba.png used on input lin
e 345.
(pdftex.def)             Requested size: 116.77164pt x 167.4816pt.
File: logo_uni_goe_transparent.png Graphic file (type png)

<use logo_uni_goe_transparent.png>
Package pdftex.def Info: logo_uni_goe_transparent.png used on input line 345.
(pdftex.def)             Requested size: 85.0pt x 72.37164pt.
 [48

]
File: figures/HFD_05_profile_simarouba.png Graphic file (type png)

<use figures/HFD_05_profile_simarouba.png>
Package pdftex.def Info: figures/HFD_05_profile_simarouba.png used on input lin
e 345.
(pdftex.def)             Requested size: 116.77164pt x 167.4816pt.
File: logo_uni_goe_transparent.png Graphic file (type png)
 <use logo_uni_goe_transparent.png>
Package pdftex.def Info: logo_uni_goe_transparent.png used on input line 345.
(pdftex.def)             Requested size: 85.0pt x 72.37164pt.

[49

]
LaTeX Font Info:    Try loading font information for T1+lmtt on input line 359.

 (/usr/share/texmf/tex/latex/lm/t1lmtt.fd
File: t1lmtt.fd 2009/10/30 v1.6 Font defs for Latin Modern
)
File: logo_uni_goe_transparent.png Graphic file (type png)

<use logo_uni_goe_transparent.png>
Package pdftex.def Info: logo_uni_goe_transparent.png used on input line 359.
(pdftex.def)             Requested size: 85.0pt x 72.37164pt.
 [50

]
<figures/weibulldens.png, id=1661, 426.393pt x 170.5572pt>
File: figures/weibulldens.png Graphic file (type png)

<use figures/weibulldens.png>
Package pdftex.def Info: figures/weibulldens.png used on input line 359.
(pdftex.def)             Requested size: 245.83282pt x 98.33247pt.
File: logo_uni_goe_transparent.png Graphic file (type png)
 <use logo_uni_goe_transparent.png>
Package pdftex.def Info: logo_uni_goe_transparent.png used on input line 359.
(pdftex.def)             Requested size: 85.0pt x 72.37164pt.
 [51

 <./figures/weibulldens.png (PNG copy)>]
File: figures/weibulldens.png Graphic file (type png)
 <use figures/weibulldens.png>
Package pdftex.def Info: figures/weibulldens.png used on input line 359.
(pdftex.def)             Requested size: 245.83282pt x 98.33247pt.
File: logo_uni_goe_transparent.png Graphic file (type png)

<use logo_uni_goe_transparent.png>
Package pdftex.def Info: logo_uni_goe_transparent.png used on input line 359.
(pdftex.def)             Requested size: 85.0pt x 72.37164pt.
 [52

]
File: logo_uni_goe_transparent.png Graphic file (type png)
 <use logo_uni_goe_transparent.png>
Package pdftex.def Info: logo_uni_goe_transparent.png used on input line 359.
(pdftex.def)             Requested size: 85.0pt x 72.37164pt.

[53

]
File: logo_uni_goe_transparent.png Graphic file (type png)
 <use logo_uni_goe_transparent.png>
Package pdftex.def Info: logo_uni_goe_transparent.png used on input line 359.
(pdftex.def)             Requested size: 85.0pt x 72.37164pt.
 [54

]
<figures/HFD_06_model.png, id=1786, 1126.2075pt x 993.7125pt>
File: figures/HFD_06_model.png Graphic file (type png)

<use figures/HFD_06_model.png>
Package pdftex.def Info: figures/HFD_06_model.png used on input line 364.
(pdftex.def)             Requested size: 253.4373pt x 223.63077pt.

Overfull \vbox (6.1598pt too high) detected at line 364
 []

File: logo_uni_goe_transparent.png Graphic file (type png)
<use logo_uni_goe_transparent.png>
Package pdftex.def Info: logo_uni_goe_transparent.png used on input line 364.
(pdftex.def)             Requested size: 85.0pt x 72.37164pt.
 [55

 <./figures/HFD_06_model.png (PNG copy)>] <figures/HFD_02_profiles.png, id=1819
, 711.31747pt x 569.03592pt>
File: figures/HFD_02_profiles.png Graphic file (type png)

<use figures/HFD_02_profiles.png>
Package pdftex.def Info: figures/HFD_02_profiles.png used on input line 368.
(pdftex.def)             Requested size: 310.60367pt x 248.48033pt.

Overfull \hbox (3.3138pt too wide) in paragraph at lines 368--368
[][]  
 []


Overfull \vbox (1.0pt too high) detected at line 368
 []

File: logo_uni_goe_transparent.png Graphic file (type png)
<use logo_uni_goe_transparent.png>
Package pdftex.def Info: logo_uni_goe_transparent.png used on input line 368.
(pdftex.def)             Requested size: 85.0pt x 72.37164pt.
 [56

 <./figures/HFD_02_profiles.png (PNG copy)>]
File: figures/HFD_05_profile_simarouba.png Graphic file (type png)
 <use figures/HFD_05_profile_simarouba.png>
Package pdftex.def Info: figures/HFD_05_profile_simarouba.png used on input lin
e 381.
(pdftex.def)             Requested size: 116.77164pt x 167.4816pt.
File: logo_uni_goe_transparent.png Graphic file (type png)

<use logo_uni_goe_transparent.png>
Package pdftex.def Info: logo_uni_goe_transparent.png used on input line 381.
(pdftex.def)             Requested size: 85.0pt x 72.37164pt.
 [57

]
File: figures/HFD_05_profile_simarouba.png Graphic file (type png)

<use figures/HFD_05_profile_simarouba.png>
Package pdftex.def Info: figures/HFD_05_profile_simarouba.png used on input lin
e 381.
(pdftex.def)             Requested size: 116.77164pt x 167.4816pt.
File: logo_uni_goe_transparent.png Graphic file (type png)
 <use logo_uni_goe_transparent.png>
Package pdftex.def Info: logo_uni_goe_transparent.png used on input line 381.
(pdftex.def)             Requested size: 85.0pt x 72.37164pt.

[58

] <figures/HFD_03a_k_responses.png, id=1914, 451.6875pt x 185.91458pt>
File: figures/HFD_03a_k_responses.png Graphic file (type png)

<use figures/HFD_03a_k_responses.png>
Package pdftex.def Info: figures/HFD_03a_k_responses.png used on input line 393
.
(pdftex.def)             Requested size: 307.28987pt x 126.48831pt.
File: logo_uni_goe_transparent.png Graphic file (type png)
 <use logo_uni_goe_transparent.png>
Package pdftex.def Info: logo_uni_goe_transparent.png used on input line 393.
(pdftex.def)             Requested size: 85.0pt x 72.37164pt.

[59

 <./figures/HFD_03a_k_responses.png>]
<figures/weibulldens_K.png, id=1948, 569.0058pt x 234.1548pt>
File: figures/weibulldens_K.png Graphic file (type png)

<use figures/weibulldens_K.png>
Package pdftex.def Info: figures/weibulldens_K.png used on input line 393.
(pdftex.def)             Requested size: 307.28987pt x 126.45242pt.
File: logo_uni_goe_transparent.png Graphic file (type png)
 <use logo_uni_goe_transparent.png>
Package pdftex.def Info: logo_uni_goe_transparent.png used on input line 393.
(pdftex.def)             Requested size: 85.0pt x 72.37164pt.
 [60

 <./figures/weibulldens_K.png (PNG copy)>]
<figures/HFD_03b_lambda_responses.png, id=1980, 451.6875pt x 185.91458pt>
File: figures/HFD_03b_lambda_responses.png Graphic file (type png)

<use figures/HFD_03b_lambda_responses.png>
Package pdftex.def Info: figures/HFD_03b_lambda_responses.png used on input lin
e 405.
(pdftex.def)             Requested size: 307.28987pt x 126.48831pt.
File: logo_uni_goe_transparent.png Graphic file (type png)
 <use logo_uni_goe_transparent.png>
Package pdftex.def Info: logo_uni_goe_transparent.png used on input line 405.
(pdftex.def)             Requested size: 85.0pt x 72.37164pt.

[61

 <./figures/HFD_03b_lambda_responses.png>]
<figures/weibulldens_lambda.png, id=2016, 569.0058pt x 234.1548pt>
File: figures/weibulldens_lambda.png Graphic file (type png)

<use figures/weibulldens_lambda.png>
Package pdftex.def Info: figures/weibulldens_lambda.png used on input line 405.

(pdftex.def)             Requested size: 307.28987pt x 126.45242pt.
File: logo_uni_goe_transparent.png Graphic file (type png)
 <use logo_uni_goe_transparent.png>
Package pdftex.def Info: logo_uni_goe_transparent.png used on input line 405.
(pdftex.def)             Requested size: 85.0pt x 72.37164pt.

[62

 <./figures/weibulldens_lambda.png (PNG copy)>]
File: logo_uni_goe_transparent.png Graphic file (type png)

<use logo_uni_goe_transparent.png>
Package pdftex.def Info: logo_uni_goe_transparent.png used on input line 415.
(pdftex.def)             Requested size: 85.0pt x 72.37164pt.
 [63

]
File: logo_uni_goe_transparent.png Graphic file (type png)
 <use logo_uni_goe_transparent.png>
Package pdftex.def Info: logo_uni_goe_transparent.png used on input line 415.
(pdftex.def)             Requested size: 85.0pt x 72.37164pt.

[64

]
File: logo_uni_goe_transparent.png Graphic file (type png)
 <use logo_uni_goe_transparent.png>
Package pdftex.def Info: logo_uni_goe_transparent.png used on input line 415.
(pdftex.def)             Requested size: 85.0pt x 72.37164pt.
 [65

]
File: logo_uni_goe_transparent.png Graphic file (type png)

<use logo_uni_goe_transparent.png>
Package pdftex.def Info: logo_uni_goe_transparent.png used on input line 415.
(pdftex.def)             Requested size: 85.0pt x 72.37164pt.
 [66

]
<figures/schuldt_2015_VC.png, id=2171, 1044.90375pt x 727.71875pt>
File: figures/schuldt_2015_VC.png Graphic file (type png)

<use figures/schuldt_2015_VC.png>
Package pdftex.def Info: figures/schuldt_2015_VC.png used on input line 437.
(pdftex.def)             Requested size: 199.73653pt x 139.1008pt.
File: logo_uni_goe_transparent.png Graphic file (type png)
 <use logo_uni_goe_transparent.png>
Package pdftex.def Info: logo_uni_goe_transparent.png used on input line 437.
(pdftex.def)             Requested size: 85.0pt x 72.37164pt.
 [67

 <./figures/schuldt_2015_VC.png (PNG copy)>]
File: figures/schuldt_2015_VC.png Graphic file (type png)
 <use figures/schuldt_2015_VC.png>
Package pdftex.def Info: figures/schuldt_2015_VC.png used on input line 437.
(pdftex.def)             Requested size: 199.73653pt x 139.1008pt.
File: logo_uni_goe_transparent.png Graphic file (type png)

<use logo_uni_goe_transparent.png>
Package pdftex.def Info: logo_uni_goe_transparent.png used on input line 437.
(pdftex.def)             Requested size: 85.0pt x 72.37164pt.
 [68

]
<figures/map_03_osa.png, id=2236, 1006.76125pt x 967.615pt>
File: figures/map_03_osa.png Graphic file (type png)

<use figures/map_03_osa.png>
Package pdftex.def Info: figures/map_03_osa.png used on input line 459.
(pdftex.def)             Requested size: 147.49782pt x 141.7549pt.
File: logo_uni_goe_transparent.png Graphic file (type png)
 <use logo_uni_goe_transparent.png>
Package pdftex.def Info: logo_uni_goe_transparent.png used on input line 459.
(pdftex.def)             Requested size: 85.0pt x 72.37164pt.
 [69

 <./figures/map_03_osa.png>] <figures/field1.jpg, id=2271, 722.7pt x 1284.8pt>
File: figures/field1.jpg Graphic file (type jpg)

<use figures/field1.jpg>
Package pdftex.def Info: figures/field1.jpg used on input line 459.
(pdftex.def)             Requested size: 110.62335pt x 196.65218pt.
File: logo_uni_goe_transparent.png Graphic file (type png)
 <use logo_uni_goe_transparent.png>
Package pdftex.def Info: logo_uni_goe_transparent.png used on input line 459.
(pdftex.def)             Requested size: 85.0pt x 72.37164pt.
 [70

 <./figures/field1.jpg>] <figures/field2.jpg, id=2304, 722.7pt x 1284.8pt>
File: figures/field2.jpg Graphic file (type jpg)

<use figures/field2.jpg>
Package pdftex.def Info: figures/field2.jpg used on input line 459.
(pdftex.def)             Requested size: 110.62335pt x 196.65218pt.
File: logo_uni_goe_transparent.png Graphic file (type png)
 <use logo_uni_goe_transparent.png>
Package pdftex.def Info: logo_uni_goe_transparent.png used on input line 459.
(pdftex.def)             Requested size: 85.0pt x 72.37164pt.
 [71

 <./figures/field2.jpg>] <figures/field3.jpg, id=2336, 2987.16pt x 3982.88pt>
File: figures/field3.jpg Graphic file (type jpg)

<use figures/field3.jpg>
Package pdftex.def Info: figures/field3.jpg used on input line 459.
(pdftex.def)             Requested size: 117.9987pt x 157.28253pt.
File: logo_uni_goe_transparent.png Graphic file (type png)
 <use logo_uni_goe_transparent.png>
Package pdftex.def Info: logo_uni_goe_transparent.png used on input line 459.
(pdftex.def)             Requested size: 85.0pt x 72.37164pt.
 [72

 <./figures/field3.jpg>] <figures/cavi01.jpg, id=2368, 351.3125pt x 301.125pt>
File: figures/cavi01.jpg Graphic file (type jpg)

<use figures/cavi01.jpg>
Package pdftex.def Info: figures/cavi01.jpg used on input line 459.
(pdftex.def)             Requested size: 147.49782pt x 126.43027pt.
File: logo_uni_goe_transparent.png Graphic file (type png)
 <use logo_uni_goe_transparent.png>
Package pdftex.def Info: logo_uni_goe_transparent.png used on input line 459.
(pdftex.def)             Requested size: 85.0pt x 72.37164pt.
 [73

 <./figures/cavi01.jpg>] <figures/cavi02.jpg, id=2403, 326.21875pt x 404.51125p
t>
File: figures/cavi02.jpg Graphic file (type jpg)

<use figures/cavi02.jpg>
Package pdftex.def Info: figures/cavi02.jpg used on input line 459.
(pdftex.def)             Requested size: 132.74713pt x 164.61003pt.
File: logo_uni_goe_transparent.png Graphic file (type png)
 <use logo_uni_goe_transparent.png>
Package pdftex.def Info: logo_uni_goe_transparent.png used on input line 459.
(pdftex.def)             Requested size: 85.0pt x 72.37164pt.
 [74

 <./figures/cavi02.jpg>]
File: logo_uni_goe_transparent.png Graphic file (type png)
 <use logo_uni_goe_transparent.png>
Package pdftex.def Info: logo_uni_goe_transparent.png used on input line 473.
(pdftex.def)             Requested size: 85.0pt x 72.37164pt.
 [75

]
File: logo_uni_goe_transparent.png Graphic file (type png)

<use logo_uni_goe_transparent.png>
Package pdftex.def Info: logo_uni_goe_transparent.png used on input line 486.
(pdftex.def)             Requested size: 85.0pt x 72.37164pt.
 [76

]
File: figures/schuldt_2015_VC.png Graphic file (type png)
 <use figures/schuldt_2015_VC.png>
Package pdftex.def Info: figures/schuldt_2015_VC.png used on input line 499.
(pdftex.def)             Requested size: 116.77164pt x 81.31517pt.
File: logo_uni_goe_transparent.png Graphic file (type png)

<use logo_uni_goe_transparent.png>
Package pdftex.def Info: logo_uni_goe_transparent.png used on input line 499.
(pdftex.def)             Requested size: 85.0pt x 72.37164pt.
 [77

]
File: figures/schuldt_2015_VC.png Graphic file (type png)
 <use figures/schuldt_2015_VC.png>
Package pdftex.def Info: figures/schuldt_2015_VC.png used on input line 499.
(pdftex.def)             Requested size: 116.77164pt x 81.31517pt.
File: logo_uni_goe_transparent.png Graphic file (type png)

<use logo_uni_goe_transparent.png>
Package pdftex.def Info: logo_uni_goe_transparent.png used on input line 499.
(pdftex.def)             Requested size: 85.0pt x 72.37164pt.
 [78

]
File: figures/schuldt_2015_VC.png Graphic file (type png)
 <use figures/schuldt_2015_VC.png>
Package pdftex.def Info: figures/schuldt_2015_VC.png used on input line 499.
(pdftex.def)             Requested size: 116.77164pt x 81.31517pt.
File: logo_uni_goe_transparent.png Graphic file (type png)

<use logo_uni_goe_transparent.png>
Package pdftex.def Info: logo_uni_goe_transparent.png used on input line 499.
(pdftex.def)             Requested size: 85.0pt x 72.37164pt.
 [79

]
File: figures/schuldt_2015_VC.png Graphic file (type png)
 <use figures/schuldt_2015_VC.png>
Package pdftex.def Info: figures/schuldt_2015_VC.png used on input line 499.
(pdftex.def)             Requested size: 116.77164pt x 81.31517pt.
File: logo_uni_goe_transparent.png Graphic file (type png)

<use logo_uni_goe_transparent.png>
Package pdftex.def Info: logo_uni_goe_transparent.png used on input line 499.
(pdftex.def)             Requested size: 85.0pt x 72.37164pt.
 [80

]
File: figures/schuldt_2015_VC.png Graphic file (type png)
 <use figures/schuldt_2015_VC.png>
Package pdftex.def Info: figures/schuldt_2015_VC.png used on input line 499.
(pdftex.def)             Requested size: 116.77164pt x 81.31517pt.
File: logo_uni_goe_transparent.png Graphic file (type png)

<use logo_uni_goe_transparent.png>
Package pdftex.def Info: logo_uni_goe_transparent.png used on input line 499.
(pdftex.def)             Requested size: 85.0pt x 72.37164pt.
 [81

]
<figures/VC_02_preliminary_plot.jpg, id=2658, 682.7106pt x 511.6716pt>
File: figures/VC_02_preliminary_plot.jpg Graphic file (type jpg)

<use figures/VC_02_preliminary_plot.jpg>
Package pdftex.def Info: figures/VC_02_preliminary_plot.jpg used on input line 
504.
(pdftex.def)             Requested size: 298.38304pt x 223.63077pt.

Overfull \vbox (6.1598pt too high) detected at line 504
 []

File: logo_uni_goe_transparent.png Graphic file (type png)
<use logo_uni_goe_transparent.png>
Package pdftex.def Info: logo_uni_goe_transparent.png used on input line 504.
(pdftex.def)             Requested size: 85.0pt x 72.37164pt.
 [82

 <./figures/VC_02_preliminary_plot.jpg>]
File: logo_uni_goe_transparent.png Graphic file (type png)

<use logo_uni_goe_transparent.png>
Package pdftex.def Info: logo_uni_goe_transparent.png used on input line 514.
(pdftex.def)             Requested size: 85.0pt x 72.37164pt.
 [83

]
File: logo_uni_goe_transparent.png Graphic file (type png)
 <use logo_uni_goe_transparent.png>
Package pdftex.def Info: logo_uni_goe_transparent.png used on input line 527.
(pdftex.def)             Requested size: 85.0pt x 72.37164pt.

[84

]
File: logo_uni_goe_transparent.png Graphic file (type png)
 <use logo_uni_goe_transparent.png>
Package pdftex.def Info: logo_uni_goe_transparent.png used on input line 527.
(pdftex.def)             Requested size: 85.0pt x 72.37164pt.
 [85

]
File: logo_uni_goe_transparent.png Graphic file (type png)

<use logo_uni_goe_transparent.png>
Package pdftex.def Info: logo_uni_goe_transparent.png used on input line 527.
(pdftex.def)             Requested size: 85.0pt x 72.37164pt.
 [86

]
File: logo_uni_goe_transparent.png Graphic file (type png)
 <use logo_uni_goe_transparent.png>
Package pdftex.def Info: logo_uni_goe_transparent.png used on input line 527.
(pdftex.def)             Requested size: 85.0pt x 72.37164pt.

[87

]
File: logo_uni_goe_transparent.png Graphic file (type png)
 <use logo_uni_goe_transparent.png>
Package pdftex.def Info: logo_uni_goe_transparent.png used on input line 527.
(pdftex.def)             Requested size: 85.0pt x 72.37164pt.
 [88

]
File: logo_uni_goe_transparent.png Graphic file (type png)

<use logo_uni_goe_transparent.png>
Package pdftex.def Info: logo_uni_goe_transparent.png used on input line 527.
(pdftex.def)             Requested size: 85.0pt x 72.37164pt.
 [89

]
File: logo_uni_goe_transparent.png Graphic file (type png)
 <use logo_uni_goe_transparent.png>
Package pdftex.def Info: logo_uni_goe_transparent.png used on input line 527.
(pdftex.def)             Requested size: 85.0pt x 72.37164pt.

[90

]
File: logo_uni_goe_transparent.png Graphic file (type png)
 <use logo_uni_goe_transparent.png>
Package pdftex.def Info: logo_uni_goe_transparent.png used on input line 556.
(pdftex.def)             Requested size: 85.0pt x 72.37164pt.
 [91

]
File: logo_uni_goe_transparent.png Graphic file (type png)

<use logo_uni_goe_transparent.png>
Package pdftex.def Info: logo_uni_goe_transparent.png used on input line 556.
(pdftex.def)             Requested size: 85.0pt x 72.37164pt.
 [92

]
File: logo_uni_goe_transparent.png Graphic file (type png)
 <use logo_uni_goe_transparent.png>
Package pdftex.def Info: logo_uni_goe_transparent.png used on input line 556.
(pdftex.def)             Requested size: 85.0pt x 72.37164pt.

[93

]
File: logo_uni_goe_transparent.png Graphic file (type png)
 <use logo_uni_goe_transparent.png>
Package pdftex.def Info: logo_uni_goe_transparent.png used on input line 556.
(pdftex.def)             Requested size: 85.0pt x 72.37164pt.
 [94

]
File: logo_uni_goe_transparent.png Graphic file (type png)

<use logo_uni_goe_transparent.png>
Package pdftex.def Info: logo_uni_goe_transparent.png used on input line 569.
(pdftex.def)             Requested size: 85.0pt x 72.37164pt.
 [95

]
File: logo_uni_goe_transparent.png Graphic file (type png)
 <use logo_uni_goe_transparent.png>
Package pdftex.def Info: logo_uni_goe_transparent.png used on input line 569.
(pdftex.def)             Requested size: 85.0pt x 72.37164pt.

[96

]
File: logo_uni_goe_transparent.png Graphic file (type png)
 <use logo_uni_goe_transparent.png>
Package pdftex.def Info: logo_uni_goe_transparent.png used on input line 569.
(pdftex.def)             Requested size: 85.0pt x 72.37164pt.
 [97

]
File: logo_uni_goe_transparent.png Graphic file (type png)

<use logo_uni_goe_transparent.png>
Package pdftex.def Info: logo_uni_goe_transparent.png used on input line 580.
(pdftex.def)             Requested size: 85.0pt x 72.37164pt.
 [98

]
<figures/SEMartyna_01_metamodel.png, id=3194, 2007.5pt x 1214.5375pt>
File: figures/SEMartyna_01_metamodel.png Graphic file (type png)

<use figures/SEMartyna_01_metamodel.png>
Package pdftex.def Info: figures/SEMartyna_01_metamodel.png used on input line 
596.
(pdftex.def)             Requested size: 213.5659pt x 129.21083pt.
File: logo_uni_goe_transparent.png Graphic file (type png)
 <use logo_uni_goe_transparent.png>
Package pdftex.def Info: logo_uni_goe_transparent.png used on input line 596.
(pdftex.def)             Requested size: 85.0pt x 72.37164pt.

[99

 <./figures/SEMartyna_01_metamodel.png (PNG copy)>]
<figures/SEMartyna_02_metamodel1.png, id=3228, 2007.5pt x 1083.04625pt>
File: figures/SEMartyna_02_metamodel1.png Graphic file (type png)

<use figures/SEMartyna_02_metamodel1.png>
Package pdftex.def Info: figures/SEMartyna_02_metamodel1.png used on input line
 596.
(pdftex.def)             Requested size: 239.48053pt x 129.21083pt.
File: logo_uni_goe_transparent.png Graphic file (type png)
 <use logo_uni_goe_transparent.png>
Package pdftex.def Info: logo_uni_goe_transparent.png used on input line 596.
(pdftex.def)             Requested size: 85.0pt x 72.37164pt.

[100

 <./figures/SEMartyna_02_metamodel1.png (PNG copy)>]
File: figures/SEMartyna_02_metamodel1.png Graphic file (type png)

<use figures/SEMartyna_02_metamodel1.png>
Package pdftex.def Info: figures/SEMartyna_02_metamodel1.png used on input line
 596.
(pdftex.def)             Requested size: 239.48053pt x 129.21083pt.
File: logo_uni_goe_transparent.png Graphic file (type png)
 <use logo_uni_goe_transparent.png>
Package pdftex.def Info: logo_uni_goe_transparent.png used on input line 596.
(pdftex.def)             Requested size: 85.0pt x 72.37164pt.

[101

]
<figures/SEMartyna_03_causal_diagram.png, id=3290, 2007.5pt x 1753.55125pt>
File: figures/SEMartyna_03_causal_diagram.png Graphic file (type png)

<use figures/SEMartyna_03_causal_diagram.png>
Package pdftex.def Info: figures/SEMartyna_03_causal_diagram.png used on input 
line 608.
(pdftex.def)             Requested size: 170.65056pt x 149.0897pt.
File: logo_uni_goe_transparent.png Graphic file (type png)

<use logo_uni_goe_transparent.png>
Package pdftex.def Info: logo_uni_goe_transparent.png used on input line 608.
(pdftex.def)             Requested size: 85.0pt x 72.37164pt.
 [102

 <./figures/SEMartyna_03_causal_diagram.png (PNG copy)>]
File: figures/SEMartyna_03_causal_diagram.png Graphic file (type png)
 <use figures/SEMartyna_03_causal_diagram.png>
Package pdftex.def Info: figures/SEMartyna_03_causal_diagram.png used on input 
line 608.
(pdftex.def)             Requested size: 170.65056pt x 149.0897pt.
File: logo_uni_goe_transparent.png Graphic file (type png)

<use logo_uni_goe_transparent.png>
Package pdftex.def Info: logo_uni_goe_transparent.png used on input line 608.
(pdftex.def)             Requested size: 85.0pt x 72.37164pt.
 [103

]
<figures/SEMartyna_04_path_diagram.png, id=3355, 2509.375pt x 1687.30376pt>
File: figures/SEMartyna_04_path_diagram.png Graphic file (type png)

<use figures/SEMartyna_04_path_diagram.png>
Package pdftex.def Info: figures/SEMartyna_04_path_diagram.png used on input li
ne 618.
(pdftex.def)             Requested size: 240.19273pt x 161.5107pt.
File: logo_uni_goe_transparent.png Graphic file (type png)
 <use logo_uni_goe_transparent.png>
Package pdftex.def Info: logo_uni_goe_transparent.png used on input line 618.
(pdftex.def)             Requested size: 85.0pt x 72.37164pt.

[104

 <./figures/SEMartyna_04_path_diagram.png (PNG copy)>]
File: figures/SEMartyna_04_path_diagram.png Graphic file (type png)

<use figures/SEMartyna_04_path_diagram.png>
Package pdftex.def Info: figures/SEMartyna_04_path_diagram.png used on input li
ne 618.
(pdftex.def)             Requested size: 240.19273pt x 161.5107pt.
File: logo_uni_goe_transparent.png Graphic file (type png)
 <use logo_uni_goe_transparent.png>
Package pdftex.def Info: logo_uni_goe_transparent.png used on input line 618.
(pdftex.def)             Requested size: 85.0pt x 72.37164pt.

[105

]
File: logo_uni_goe_transparent.png Graphic file (type png)
 <use logo_uni_goe_transparent.png>
Package pdftex.def Info: logo_uni_goe_transparent.png used on input line 644.
(pdftex.def)             Requested size: 85.0pt x 72.37164pt.
 [106

]
File: logo_uni_goe_transparent.png Graphic file (type png)

<use logo_uni_goe_transparent.png>
Package pdftex.def Info: logo_uni_goe_transparent.png used on input line 644.
(pdftex.def)             Requested size: 85.0pt x 72.37164pt.
 [107

]
File: logo_uni_goe_transparent.png Graphic file (type png)
 <use logo_uni_goe_transparent.png>
Package pdftex.def Info: logo_uni_goe_transparent.png used on input line 644.
(pdftex.def)             Requested size: 85.0pt x 72.37164pt.

[108

]
File: logo_uni_goe_transparent.png Graphic file (type png)
 <use logo_uni_goe_transparent.png>
Package pdftex.def Info: logo_uni_goe_transparent.png used on input line 644.
(pdftex.def)             Requested size: 85.0pt x 72.37164pt.
 [109

]
<figures/thankyou.jpg, id=3543, 3982.88pt x 2987.16pt>
File: figures/thankyou.jpg Graphic file (type jpg)

<use figures/thankyou.jpg>
Package pdftex.def Info: figures/thankyou.jpg used on input line 651.
(pdftex.def)             Requested size: 364.15648pt x 273.11736pt.
 [110

 <./figures/thankyou.jpg>]
LaTeX Font Info:    Font shape `T1/lmss/m/it' in size <9> not available
(Font)              Font shape `T1/lmss/m/sl' tried instead on input line 668.

(/usr/share/texlive/texmf-dist/tex/latex/ucs/data/uni-32.def
File: uni-32.def 2013/05/13 UCS: Unicode data U+2000..U+20FF
)
File: logo_uni_goe_transparent.png Graphic file (type png)

<use logo_uni_goe_transparent.png>
Package pdftex.def Info: logo_uni_goe_transparent.png used on input line 668.
(pdftex.def)             Requested size: 85.0pt x 72.37164pt.
 [111

]
\tf@nav=\write6
\openout6 = `2018-01-25_Roman_Link_-_Drought_in_tropical_forests.nav'.

\tf@toc=\write7
\openout7 = `2018-01-25_Roman_Link_-_Drought_in_tropical_forests.toc'.

\tf@snm=\write8
\openout8 = `2018-01-25_Roman_Link_-_Drought_in_tropical_forests.snm'.

Package atveryend Info: Empty hook `BeforeClearDocument' on input line 669.
Package atveryend Info: Empty hook `AfterLastShipout' on input line 669.

(./2018-01-25_Roman_Link_-_Drought_in_tropical_forests.aux)
Package atveryend Info: Executing hook `AtVeryEndDocument' on input line 669.
Package atveryend Info: Executing hook `AtEndAfterFileList' on input line 669.
Package rerunfilecheck Info: File `2018-01-25_Roman_Link_-_Drought_in_tropical_
forests.out' has not changed.
(rerunfilecheck)             Checksum: 8A44E8A5F7B5C4A9038EA5246B900429;256.
Package atveryend Info: Empty hook `AtVeryVeryEnd' on input line 669.
 ) 
Here is how much of TeX's memory you used:
 20807 strings out of 493029
 387714 string characters out of 6136233
 468986 words of memory out of 5000000
 23544 multiletter control sequences out of 15000+600000
 100457 words of font info for 93 fonts, out of 8000000 for 9000
 1141 hyphenation exceptions out of 8191
 56i,15n,59p,431b,726s stack positions out of 5000i,500n,10000p,200000b,80000s
{/usr/share/texmf/fonts/enc/dvips/lm/lm-ec.enc}</usr/share/texlive/texmf-dist
/fonts/type1/public/amsfonts/cm/cmsy10.pfb></usr/share/texlive/texmf-dist/fonts
/type1/public/amsfonts/euler/eurm10.pfb></usr/share/texmf/fonts/type1/public/lm
/lmss10.pfb></usr/share/texmf/fonts/type1/public/lm/lmss8.pfb></usr/share/texmf
/fonts/type1/public/lm/lmss9.pfb></usr/share/texmf/fonts/type1/public/lm/lmssbx
10.pfb></usr/share/texmf/fonts/type1/public/lm/lmsso10.pfb></usr/share/texmf/fo
nts/type1/public/lm/lmsso9.pfb></usr/share/texmf/fonts/type1/public/lm/lmtt10.p
fb></usr/share/texmf/fonts/type1/public/lm/lmtt8.pfb></usr/share/texmf/fonts/ty
pe1/public/lm/lmtt9.pfb>
Output written on 2018-01-25_Roman_Link_-_Drought_in_tropical_forests.pdf (111 
pages, 28192725 bytes).
PDF statistics:
 3674 PDF objects out of 4296 (max. 8388607)
 3453 compressed objects within 35 object streams
 228 named destinations out of 1000 (max. 500000)
 309 words of extra memory for PDF output out of 10000 (max. 10000000)

